mode: set
github.com/rlch/scaf/language/go/adapter/adapter.go:90.26,92.2 1 1
github.com/rlch/scaf/language/go/adapter/adapter.go:95.31,97.2 1 1
github.com/rlch/scaf/language/go/adapter/adapter.go:100.36,102.29 2 1
github.com/rlch/scaf/language/go/adapter/adapter.go:102.29,104.3 1 1
github.com/rlch/scaf/language/go/adapter/adapter.go:106.2,106.14 1 1
github.com/rlch/scaf/language/go/language.go:118.36,120.2 1 1
github.com/rlch/scaf/language/go/language.go:123.80,127.2 2 1
github.com/rlch/scaf/language/go/language.go:130.24,132.2 1 1
github.com/rlch/scaf/language/go/language.go:140.59,145.16 3 1
github.com/rlch/scaf/language/go/language.go:145.16,147.3 1 0
github.com/rlch/scaf/language/go/language.go:150.2,151.16 2 1
github.com/rlch/scaf/language/go/language.go:151.16,153.3 1 0
github.com/rlch/scaf/language/go/language.go:155.2,159.16 3 1
github.com/rlch/scaf/language/go/language.go:159.16,161.3 1 0
github.com/rlch/scaf/language/go/language.go:163.2,165.19 2 1
github.com/rlch/scaf/language/go/language.go:169.67,171.2 1 1
github.com/rlch/scaf/language/go/language.go:174.76,177.2 1 1
github.com/rlch/scaf/language/go/language.go:180.70,183.2 1 1
github.com/rlch/scaf/language/go/language.go:189.30,191.2 1 1
github.com/rlch/scaf/language/go/language.go:194.32,196.2 1 1
github.com/rlch/scaf/language/go/language.go:199.37,201.30 2 1
github.com/rlch/scaf/language/go/language.go:201.30,203.3 1 1
github.com/rlch/scaf/language/go/language.go:205.2,205.14 1 1
github.com/rlch/scaf/language/go/language.go:209.13,211.2 1 1
github.com/rlch/scaf/language/go/signature.go:15.127,16.18 1 1
github.com/rlch/scaf/language/go/signature.go:16.18,18.3 1 1
github.com/rlch/scaf/language/go/signature.go:20.2,22.38 2 1
github.com/rlch/scaf/language/go/signature.go:22.38,24.17 2 1
github.com/rlch/scaf/language/go/signature.go:24.17,26.4 1 0
github.com/rlch/scaf/language/go/signature.go:28.3,28.39 1 1
github.com/rlch/scaf/language/go/signature.go:31.2,31.24 1 1
github.com/rlch/scaf/language/go/signature.go:35.124,45.21 2 1
github.com/rlch/scaf/language/go/signature.go:45.21,47.3 1 1
github.com/rlch/scaf/language/go/signature.go:50.2,51.16 2 1
github.com/rlch/scaf/language/go/signature.go:51.16,53.3 1 0
github.com/rlch/scaf/language/go/signature.go:55.2,55.21 1 1
github.com/rlch/scaf/language/go/signature.go:55.21,57.3 1 0
github.com/rlch/scaf/language/go/signature.go:60.2,60.44 1 1
github.com/rlch/scaf/language/go/signature.go:60.44,67.3 2 1
github.com/rlch/scaf/language/go/signature.go:70.2,70.39 1 1
github.com/rlch/scaf/language/go/signature.go:70.39,72.21 1 1
github.com/rlch/scaf/language/go/signature.go:72.21,73.12 1 0
github.com/rlch/scaf/language/go/signature.go:76.3,81.48 2 1
github.com/rlch/scaf/language/go/signature.go:84.2,84.17 1 1
github.com/rlch/scaf/language/go/signature.go:93.41,94.16 1 1
github.com/rlch/scaf/language/go/signature.go:94.16,96.3 1 1
github.com/rlch/scaf/language/go/signature.go:99.2,99.33 1 1
github.com/rlch/scaf/language/go/signature.go:99.33,101.3 1 1
github.com/rlch/scaf/language/go/signature.go:104.2,107.22 3 1
github.com/rlch/scaf/language/go/signature.go:111.37,115.29 3 1
github.com/rlch/scaf/language/go/signature.go:115.29,116.17 1 1
github.com/rlch/scaf/language/go/signature.go:116.17,117.12 1 0
github.com/rlch/scaf/language/go/signature.go:121.3,122.23 2 1
github.com/rlch/scaf/language/go/signature.go:122.23,124.4 1 1
github.com/rlch/scaf/language/go/signature.go:124.9,128.4 3 1
github.com/rlch/scaf/language/go/signature.go:131.2,131.33 1 1
github.com/rlch/scaf/language/go/signature.go:135.31,149.2 2 1
github.com/rlch/scaf/language/go/signature.go:153.83,155.22 1 1
github.com/rlch/scaf/language/go/signature.go:155.22,157.3 1 1
github.com/rlch/scaf/language/go/signature.go:160.2,160.19 1 1
github.com/rlch/scaf/language/go/signature.go:160.19,161.73 1 1
github.com/rlch/scaf/language/go/signature.go:161.73,163.4 1 1
github.com/rlch/scaf/language/go/signature.go:166.2,166.14 1 1
github.com/rlch/scaf/language/go/signature.go:171.79,173.20 1 1
github.com/rlch/scaf/language/go/signature.go:173.20,175.3 1 1
github.com/rlch/scaf/language/go/signature.go:179.2,179.19 1 1
github.com/rlch/scaf/language/go/signature.go:179.19,180.71 1 1
github.com/rlch/scaf/language/go/signature.go:180.71,182.4 1 1
github.com/rlch/scaf/language/go/signature.go:185.2,185.14 1 1
github.com/rlch/scaf/language/go/signature.go:190.84,191.38 1 1
github.com/rlch/scaf/language/go/signature.go:191.38,193.3 1 1
github.com/rlch/scaf/language/go/signature.go:196.2,196.38 1 1
github.com/rlch/scaf/language/go/signature.go:196.38,197.38 1 1
github.com/rlch/scaf/language/go/signature.go:197.38,198.31 1 1
github.com/rlch/scaf/language/go/signature.go:198.31,200.5 1 1
github.com/rlch/scaf/language/go/signature.go:204.2,204.12 1 1
github.com/rlch/scaf/language/go/signature.go:208.102,209.19 1 1
github.com/rlch/scaf/language/go/signature.go:209.19,211.3 1 1
github.com/rlch/scaf/language/go/signature.go:213.2,214.9 2 1
github.com/rlch/scaf/language/go/signature.go:214.9,216.3 1 1
github.com/rlch/scaf/language/go/signature.go:218.2,218.37 1 1
github.com/rlch/scaf/language/go/signature.go:218.37,219.30 1 1
github.com/rlch/scaf/language/go/signature.go:219.30,221.4 1 1
github.com/rlch/scaf/language/go/signature.go:224.2,224.12 1 1
github.com/rlch/scaf/language/go/signature.go:228.39,229.28 1 1
github.com/rlch/scaf/language/go/signature.go:230.24,231.18 1 1
github.com/rlch/scaf/language/go/signature.go:232.32,233.17 1 1
github.com/rlch/scaf/language/go/signature.go:234.36,235.19 1 1
github.com/rlch/scaf/language/go/signature.go:236.25,237.16 1 1
github.com/rlch/scaf/language/go/signature.go:238.39,239.21 1 1
github.com/rlch/scaf/language/go/signature.go:240.23,241.17 1 1
github.com/rlch/scaf/language/go/signature.go:242.23,243.26 1 1
github.com/rlch/scaf/language/go/signature.go:244.10,245.15 1 1
github.com/rlch/scaf/language/go/signature.go:250.46,251.14 1 1
github.com/rlch/scaf/language/go/signature.go:251.14,253.3 1 1
github.com/rlch/scaf/language/go/signature.go:255.2,255.19 1 1
