mode: set
github.com/rlch/scaf/language/go/binding.go:87.33,89.2 1 1
github.com/rlch/scaf/language/go/binding.go:92.38,94.2 1 1
github.com/rlch/scaf/language/go/binding.go:97.36,99.29 2 1
github.com/rlch/scaf/language/go/binding.go:99.29,101.3 1 1
github.com/rlch/scaf/language/go/binding.go:103.2,103.14 1 1
github.com/rlch/scaf/language/go/language.go:99.36,101.2 1 1
github.com/rlch/scaf/language/go/language.go:104.89,114.2 3 1
github.com/rlch/scaf/language/go/language.go:117.83,121.2 2 1
github.com/rlch/scaf/language/go/language.go:124.24,126.2 1 1
github.com/rlch/scaf/language/go/language.go:134.59,139.16 3 1
github.com/rlch/scaf/language/go/language.go:139.16,141.3 1 0
github.com/rlch/scaf/language/go/language.go:144.2,145.16 2 1
github.com/rlch/scaf/language/go/language.go:145.16,147.3 1 0
github.com/rlch/scaf/language/go/language.go:149.2,153.16 3 1
github.com/rlch/scaf/language/go/language.go:153.16,155.3 1 0
github.com/rlch/scaf/language/go/language.go:157.2,159.19 2 1
github.com/rlch/scaf/language/go/language.go:163.67,165.2 1 1
github.com/rlch/scaf/language/go/language.go:168.85,170.2 1 1
github.com/rlch/scaf/language/go/language.go:173.79,175.2 1 1
github.com/rlch/scaf/language/go/language.go:178.13,180.2 1 1
github.com/rlch/scaf/language/go/mock.go:35.59,38.35 2 1
github.com/rlch/scaf/language/go/mock.go:38.35,40.3 1 1
github.com/rlch/scaf/language/go/mock.go:42.2,42.14 1 1
github.com/rlch/scaf/language/go/mock.go:46.65,47.22 1 1
github.com/rlch/scaf/language/go/mock.go:47.22,49.3 1 1
github.com/rlch/scaf/language/go/mock.go:51.2,51.23 1 1
github.com/rlch/scaf/language/go/mock.go:51.23,53.42 2 1
github.com/rlch/scaf/language/go/mock.go:53.42,55.4 1 1
github.com/rlch/scaf/language/go/mock.go:57.3,57.15 1 1
github.com/rlch/scaf/language/go/mock.go:60.2,60.12 1 0
github.com/rlch/scaf/language/go/mock.go:64.49,71.39 2 1
github.com/rlch/scaf/language/go/mock.go:71.39,75.34 3 1
github.com/rlch/scaf/language/go/mock.go:75.34,78.4 1 1
github.com/rlch/scaf/language/go/mock.go:78.9,81.4 1 1
github.com/rlch/scaf/language/go/mock.go:84.2,84.11 1 1
github.com/rlch/scaf/language/go/mock.go:88.81,91.33 2 1
github.com/rlch/scaf/language/go/mock.go:91.33,93.3 1 1
github.com/rlch/scaf/language/go/mock.go:96.2,98.37 2 1
github.com/rlch/scaf/language/go/mock.go:98.37,100.10 2 1
github.com/rlch/scaf/language/go/mock.go:100.10,102.12 1 0
github.com/rlch/scaf/language/go/mock.go:105.3,110.30 2 1
github.com/rlch/scaf/language/go/mock.go:110.30,112.4 1 1
github.com/rlch/scaf/language/go/mock.go:115.2,115.14 1 1
github.com/rlch/scaf/language/go/mock.go:127.83,128.24 1 1
github.com/rlch/scaf/language/go/mock.go:128.24,130.3 1 1
github.com/rlch/scaf/language/go/mock.go:132.2,133.21 2 1
github.com/rlch/scaf/language/go/mock.go:133.21,135.3 1 1
github.com/rlch/scaf/language/go/mock.go:137.2,143.27 2 1
github.com/rlch/scaf/language/go/mock.go:146.69,157.29 4 1
github.com/rlch/scaf/language/go/mock.go:157.29,160.3 2 1
github.com/rlch/scaf/language/go/mock.go:162.2,162.27 1 1
github.com/rlch/scaf/language/go/mock.go:165.68,166.29 1 1
github.com/rlch/scaf/language/go/mock.go:166.29,167.37 1 1
github.com/rlch/scaf/language/go/mock.go:167.37,168.32 1 1
github.com/rlch/scaf/language/go/mock.go:168.32,169.25 1 1
github.com/rlch/scaf/language/go/mock.go:169.25,171.6 1 1
github.com/rlch/scaf/language/go/mock.go:176.2,176.14 1 1
github.com/rlch/scaf/language/go/mock.go:179.39,187.20 5 1
github.com/rlch/scaf/language/go/mock.go:187.20,189.3 1 1
github.com/rlch/scaf/language/go/mock.go:191.2,191.22 1 1
github.com/rlch/scaf/language/go/mock.go:191.22,193.31 2 1
github.com/rlch/scaf/language/go/mock.go:193.31,195.4 1 1
github.com/rlch/scaf/language/go/mock.go:196.3,196.29 1 1
github.com/rlch/scaf/language/go/mock.go:200.54,202.29 2 1
github.com/rlch/scaf/language/go/mock.go:202.29,207.3 3 1
github.com/rlch/scaf/language/go/mock.go:208.2,208.28 1 1
github.com/rlch/scaf/language/go/mock.go:211.72,220.31 5 1
github.com/rlch/scaf/language/go/mock.go:220.31,222.3 1 1
github.com/rlch/scaf/language/go/mock.go:223.2,227.26 3 1
github.com/rlch/scaf/language/go/mock.go:227.26,229.28 2 1
github.com/rlch/scaf/language/go/mock.go:229.28,231.4 1 1
github.com/rlch/scaf/language/go/mock.go:231.9,233.34 2 1
github.com/rlch/scaf/language/go/mock.go:233.34,235.5 1 1
github.com/rlch/scaf/language/go/mock.go:236.4,236.59 1 1
github.com/rlch/scaf/language/go/mock.go:240.2,243.36 2 1
github.com/rlch/scaf/language/go/mock.go:243.36,247.3 3 1
github.com/rlch/scaf/language/go/mock.go:250.2,251.16 2 1
github.com/rlch/scaf/language/go/mock.go:251.16,253.3 1 1
github.com/rlch/scaf/language/go/mock.go:253.8,255.3 1 1
github.com/rlch/scaf/language/go/mock.go:258.105,262.35 2 1
github.com/rlch/scaf/language/go/mock.go:262.35,266.10 3 1
github.com/rlch/scaf/language/go/mock.go:266.10,267.12 1 0
github.com/rlch/scaf/language/go/mock.go:270.3,271.40 2 1
github.com/rlch/scaf/language/go/mock.go:275.2,276.14 2 1
github.com/rlch/scaf/language/go/mock.go:276.14,278.3 1 1
github.com/rlch/scaf/language/go/mock.go:280.2,280.25 1 1
github.com/rlch/scaf/language/go/mock.go:280.25,282.3 1 1
github.com/rlch/scaf/language/go/mock.go:282.8,285.3 1 0
github.com/rlch/scaf/language/go/mock.go:288.2,291.12 2 1
github.com/rlch/scaf/language/go/mock.go:291.12,293.3 1 1
github.com/rlch/scaf/language/go/mock.go:296.88,297.26 1 1
github.com/rlch/scaf/language/go/mock.go:297.26,300.3 1 1
github.com/rlch/scaf/language/go/mock.go:303.2,303.61 1 1
github.com/rlch/scaf/language/go/mock.go:306.71,307.27 1 1
github.com/rlch/scaf/language/go/mock.go:307.27,310.3 2 1
github.com/rlch/scaf/language/go/mock.go:313.2,315.34 2 1
github.com/rlch/scaf/language/go/mock.go:315.34,318.42 1 1
github.com/rlch/scaf/language/go/mock.go:318.42,320.4 1 1
github.com/rlch/scaf/language/go/mock.go:320.9,323.37 2 1
github.com/rlch/scaf/language/go/mock.go:323.37,327.30 3 1
github.com/rlch/scaf/language/go/mock.go:327.30,331.11 3 0
github.com/rlch/scaf/language/go/mock.go:335.4,335.14 1 1
github.com/rlch/scaf/language/go/mock.go:335.14,338.5 1 1
github.com/rlch/scaf/language/go/mock.go:342.2,342.71 1 1
github.com/rlch/scaf/language/go/mock.go:347.40,348.16 1 1
github.com/rlch/scaf/language/go/mock.go:348.16,350.3 1 1
github.com/rlch/scaf/language/go/mock.go:352.2,354.31 3 1
github.com/rlch/scaf/language/go/mock.go:359.41,360.16 1 1
github.com/rlch/scaf/language/go/mock.go:360.16,362.3 1 1
github.com/rlch/scaf/language/go/mock.go:364.2,366.31 3 1
github.com/rlch/scaf/language/go/mock.go:371.41,372.16 1 1
github.com/rlch/scaf/language/go/mock.go:372.16,374.3 1 1
github.com/rlch/scaf/language/go/mock.go:376.2,378.31 3 1
github.com/rlch/scaf/language/go/mock.go:381.27,382.26 1 1
github.com/rlch/scaf/language/go/mock.go:382.26,384.3 1 1
github.com/rlch/scaf/language/go/mock.go:385.2,385.10 1 0
github.com/rlch/scaf/language/go/mock.go:389.32,390.18 1 1
github.com/rlch/scaf/language/go/mock.go:391.29,392.14 1 1
github.com/rlch/scaf/language/go/mock.go:393.10,394.15 1 1
github.com/rlch/scaf/language/go/mock.go:399.30,400.25 1 1
github.com/rlch/scaf/language/go/mock.go:401.11,402.15 1 1
github.com/rlch/scaf/language/go/mock.go:403.14,404.32 1 1
github.com/rlch/scaf/language/go/mock.go:405.15,407.33 1 1
github.com/rlch/scaf/language/go/mock.go:407.33,409.4 1 1
github.com/rlch/scaf/language/go/mock.go:411.3,411.32 1 1
github.com/rlch/scaf/language/go/mock.go:412.12,413.32 1 1
github.com/rlch/scaf/language/go/mock.go:414.22,415.25 1 1
github.com/rlch/scaf/language/go/mock.go:416.13,417.27 1 1
github.com/rlch/scaf/language/go/mock.go:418.10,419.30 1 0
github.com/rlch/scaf/language/go/mock.go:423.42,424.17 1 1
github.com/rlch/scaf/language/go/mock.go:424.17,426.3 1 1
github.com/rlch/scaf/language/go/mock.go:428.2,429.22 2 1
github.com/rlch/scaf/language/go/mock.go:429.22,431.3 1 1
github.com/rlch/scaf/language/go/mock.go:433.2,433.69 1 1
github.com/rlch/scaf/language/go/mock.go:436.35,437.17 1 1
github.com/rlch/scaf/language/go/mock.go:437.17,439.3 1 1
github.com/rlch/scaf/language/go/mock.go:441.2,442.22 2 1
github.com/rlch/scaf/language/go/mock.go:442.22,444.3 1 1
github.com/rlch/scaf/language/go/mock.go:446.2,446.60 1 1
github.com/rlch/scaf/language/go/mock.go:450.35,451.13 1 1
github.com/rlch/scaf/language/go/mock.go:452.16,453.14 1 1
github.com/rlch/scaf/language/go/mock.go:456.24,457.13 1 1
github.com/rlch/scaf/language/go/mock.go:458.14,459.17 1 1
github.com/rlch/scaf/language/go/mock.go:460.13,461.15 1 1
github.com/rlch/scaf/language/go/mock.go:462.10,466.35 1 1
github.com/rlch/scaf/language/go/mock.go:466.35,468.4 1 1
github.com/rlch/scaf/language/go/mock.go:470.3,470.20 1 1
github.com/rlch/scaf/language/go/production.go:18.89,19.48 1 1
github.com/rlch/scaf/language/go/production.go:19.48,21.3 1 1
github.com/rlch/scaf/language/go/production.go:23.2,30.22 2 1
github.com/rlch/scaf/language/go/production.go:33.58,38.35 2 1
github.com/rlch/scaf/language/go/production.go:38.35,40.54 2 1
github.com/rlch/scaf/language/go/production.go:40.54,42.4 1 0
github.com/rlch/scaf/language/go/production.go:45.2,45.27 1 1
github.com/rlch/scaf/language/go/production.go:48.45,54.26 4 1
github.com/rlch/scaf/language/go/production.go:54.26,56.3 1 1
github.com/rlch/scaf/language/go/production.go:58.2,58.22 1 1
github.com/rlch/scaf/language/go/production.go:58.22,60.31 2 1
github.com/rlch/scaf/language/go/production.go:60.31,62.4 1 1
github.com/rlch/scaf/language/go/production.go:63.3,63.29 1 1
github.com/rlch/scaf/language/go/production.go:67.84,81.61 6 1
github.com/rlch/scaf/language/go/production.go:81.61,83.3 1 0
github.com/rlch/scaf/language/go/production.go:85.2,85.12 1 1
github.com/rlch/scaf/language/go/production.go:88.72,94.35 4 1
github.com/rlch/scaf/language/go/production.go:94.35,96.3 1 1
github.com/rlch/scaf/language/go/production.go:97.2,101.26 3 1
github.com/rlch/scaf/language/go/production.go:101.26,103.28 2 1
github.com/rlch/scaf/language/go/production.go:103.28,105.4 1 1
github.com/rlch/scaf/language/go/production.go:105.9,107.34 2 1
github.com/rlch/scaf/language/go/production.go:107.34,109.5 1 1
github.com/rlch/scaf/language/go/production.go:110.4,112.23 3 1
github.com/rlch/scaf/language/go/production.go:116.2,116.20 1 1
github.com/rlch/scaf/language/go/production.go:119.83,127.35 3 1
github.com/rlch/scaf/language/go/production.go:127.35,129.3 1 1
github.com/rlch/scaf/language/go/production.go:130.2,134.26 3 1
github.com/rlch/scaf/language/go/production.go:134.26,136.28 2 1
github.com/rlch/scaf/language/go/production.go:136.28,138.4 1 1
github.com/rlch/scaf/language/go/production.go:138.9,140.34 2 1
github.com/rlch/scaf/language/go/production.go:140.34,142.5 1 1
github.com/rlch/scaf/language/go/production.go:143.4,143.59 1 1
github.com/rlch/scaf/language/go/production.go:147.2,150.26 2 1
github.com/rlch/scaf/language/go/production.go:150.26,152.3 1 1
github.com/rlch/scaf/language/go/production.go:152.8,154.3 1 1
github.com/rlch/scaf/language/go/production.go:155.2,159.35 3 1
github.com/rlch/scaf/language/go/production.go:159.35,161.3 1 1
github.com/rlch/scaf/language/go/production.go:162.2,163.31 2 1
github.com/rlch/scaf/language/go/production.go:166.99,174.35 3 1
github.com/rlch/scaf/language/go/production.go:174.35,176.3 1 1
github.com/rlch/scaf/language/go/production.go:177.2,181.26 3 1
github.com/rlch/scaf/language/go/production.go:181.26,183.28 2 1
github.com/rlch/scaf/language/go/production.go:183.28,185.4 1 1
github.com/rlch/scaf/language/go/production.go:185.9,187.34 2 1
github.com/rlch/scaf/language/go/production.go:187.34,189.5 1 1
github.com/rlch/scaf/language/go/production.go:190.4,190.59 1 1
github.com/rlch/scaf/language/go/production.go:194.2,197.26 2 1
github.com/rlch/scaf/language/go/production.go:197.26,205.17 3 1
github.com/rlch/scaf/language/go/production.go:205.17,207.4 1 0
github.com/rlch/scaf/language/go/production.go:210.3,210.50 1 1
github.com/rlch/scaf/language/go/production.go:210.50,211.18 1 1
github.com/rlch/scaf/language/go/production.go:211.18,213.5 1 1
github.com/rlch/scaf/language/go/production.go:215.8,218.3 1 1
github.com/rlch/scaf/language/go/production.go:220.2,220.12 1 1
github.com/rlch/scaf/language/go/production.go:220.12,222.3 1 1
github.com/rlch/scaf/language/go/production.go:222.8,224.3 1 1
github.com/rlch/scaf/language/go/production.go:226.2,226.12 1 1
github.com/rlch/scaf/language/go/production.go:229.88,238.31 2 1
github.com/rlch/scaf/language/go/production.go:238.31,243.3 1 1
github.com/rlch/scaf/language/go/production.go:245.2,245.32 1 1
github.com/rlch/scaf/language/go/production.go:245.32,250.3 1 1
github.com/rlch/scaf/language/go/production.go:252.2,252.19 1 1
github.com/rlch/scaf/language/go/signature.go:15.127,16.18 1 1
github.com/rlch/scaf/language/go/signature.go:16.18,18.3 1 1
github.com/rlch/scaf/language/go/signature.go:20.2,22.38 2 1
github.com/rlch/scaf/language/go/signature.go:22.38,24.17 2 1
github.com/rlch/scaf/language/go/signature.go:24.17,26.4 1 0
github.com/rlch/scaf/language/go/signature.go:28.3,28.39 1 1
github.com/rlch/scaf/language/go/signature.go:31.2,31.24 1 1
github.com/rlch/scaf/language/go/signature.go:35.124,45.21 2 1
github.com/rlch/scaf/language/go/signature.go:45.21,47.3 1 1
github.com/rlch/scaf/language/go/signature.go:50.2,51.16 2 1
github.com/rlch/scaf/language/go/signature.go:51.16,53.3 1 0
github.com/rlch/scaf/language/go/signature.go:55.2,55.21 1 1
github.com/rlch/scaf/language/go/signature.go:55.21,57.3 1 0
github.com/rlch/scaf/language/go/signature.go:60.2,60.44 1 1
github.com/rlch/scaf/language/go/signature.go:60.44,67.3 2 1
github.com/rlch/scaf/language/go/signature.go:70.2,70.39 1 1
github.com/rlch/scaf/language/go/signature.go:70.39,72.21 1 1
github.com/rlch/scaf/language/go/signature.go:72.21,73.12 1 1
github.com/rlch/scaf/language/go/signature.go:76.3,81.48 2 1
github.com/rlch/scaf/language/go/signature.go:84.2,84.17 1 1
github.com/rlch/scaf/language/go/signature.go:93.41,94.16 1 1
github.com/rlch/scaf/language/go/signature.go:94.16,96.3 1 1
github.com/rlch/scaf/language/go/signature.go:99.2,99.33 1 1
github.com/rlch/scaf/language/go/signature.go:99.33,101.3 1 1
github.com/rlch/scaf/language/go/signature.go:104.2,107.22 3 1
github.com/rlch/scaf/language/go/signature.go:111.37,115.29 3 1
github.com/rlch/scaf/language/go/signature.go:115.29,116.17 1 1
github.com/rlch/scaf/language/go/signature.go:116.17,117.12 1 1
github.com/rlch/scaf/language/go/signature.go:121.3,122.23 2 1
github.com/rlch/scaf/language/go/signature.go:122.23,124.4 1 1
github.com/rlch/scaf/language/go/signature.go:124.9,128.4 3 1
github.com/rlch/scaf/language/go/signature.go:131.2,131.33 1 1
github.com/rlch/scaf/language/go/signature.go:135.31,149.2 2 1
github.com/rlch/scaf/language/go/signature.go:153.83,155.22 1 1
github.com/rlch/scaf/language/go/signature.go:155.22,157.3 1 1
github.com/rlch/scaf/language/go/signature.go:160.2,160.19 1 1
github.com/rlch/scaf/language/go/signature.go:160.19,161.73 1 1
github.com/rlch/scaf/language/go/signature.go:161.73,163.4 1 1
github.com/rlch/scaf/language/go/signature.go:166.2,166.14 1 1
github.com/rlch/scaf/language/go/signature.go:171.79,173.20 1 1
github.com/rlch/scaf/language/go/signature.go:173.20,175.3 1 1
github.com/rlch/scaf/language/go/signature.go:179.2,179.19 1 1
github.com/rlch/scaf/language/go/signature.go:179.19,180.71 1 1
github.com/rlch/scaf/language/go/signature.go:180.71,182.4 1 1
github.com/rlch/scaf/language/go/signature.go:185.2,185.14 1 1
github.com/rlch/scaf/language/go/signature.go:190.84,191.38 1 1
github.com/rlch/scaf/language/go/signature.go:191.38,193.3 1 1
github.com/rlch/scaf/language/go/signature.go:196.2,196.38 1 1
github.com/rlch/scaf/language/go/signature.go:196.38,197.38 1 1
github.com/rlch/scaf/language/go/signature.go:197.38,198.31 1 1
github.com/rlch/scaf/language/go/signature.go:198.31,200.5 1 1
github.com/rlch/scaf/language/go/signature.go:204.2,204.12 1 1
github.com/rlch/scaf/language/go/signature.go:208.102,209.19 1 1
github.com/rlch/scaf/language/go/signature.go:209.19,211.3 1 1
github.com/rlch/scaf/language/go/signature.go:213.2,214.9 2 1
github.com/rlch/scaf/language/go/signature.go:214.9,216.3 1 1
github.com/rlch/scaf/language/go/signature.go:218.2,218.37 1 1
github.com/rlch/scaf/language/go/signature.go:218.37,219.30 1 1
github.com/rlch/scaf/language/go/signature.go:219.30,221.4 1 1
github.com/rlch/scaf/language/go/signature.go:224.2,224.12 1 1
github.com/rlch/scaf/language/go/signature.go:228.39,229.28 1 1
github.com/rlch/scaf/language/go/signature.go:230.24,231.18 1 1
github.com/rlch/scaf/language/go/signature.go:232.32,233.17 1 1
github.com/rlch/scaf/language/go/signature.go:234.36,235.19 1 1
github.com/rlch/scaf/language/go/signature.go:236.25,237.16 1 1
github.com/rlch/scaf/language/go/signature.go:238.39,239.21 1 1
github.com/rlch/scaf/language/go/signature.go:240.23,241.17 1 1
github.com/rlch/scaf/language/go/signature.go:242.23,243.26 1 1
github.com/rlch/scaf/language/go/signature.go:244.10,245.15 1 1
github.com/rlch/scaf/language/go/signature.go:250.46,251.14 1 1
github.com/rlch/scaf/language/go/signature.go:251.14,253.3 1 1
github.com/rlch/scaf/language/go/signature.go:255.2,255.19 1 1
