mode: set
github.com/alecthomas/participle/v2/ebnf/ebnf.go:41.26,41.27 0 0
github.com/alecthomas/participle/v2/ebnf/ebnf.go:43.32,44.9 1 1
github.com/alecthomas/participle/v2/ebnf/ebnf.go:45.20,46.31 1 1
github.com/alecthomas/participle/v2/ebnf/ebnf.go:47.23,48.34 1 1
github.com/alecthomas/participle/v2/ebnf/ebnf.go:49.21,50.44 1 1
github.com/alecthomas/participle/v2/ebnf/ebnf.go:51.22,52.41 1 1
github.com/alecthomas/participle/v2/ebnf/ebnf.go:53.10,54.14 1 0
github.com/alecthomas/participle/v2/ebnf/ebnf.go:61.40,61.41 0 0
github.com/alecthomas/participle/v2/ebnf/ebnf.go:63.61,65.12 2 0
github.com/alecthomas/participle/v2/ebnf/ebnf.go:66.16,67.30 1 0
github.com/alecthomas/participle/v2/ebnf/ebnf.go:69.10,70.12 1 0
github.com/alecthomas/participle/v2/ebnf/ebnf.go:72.2,72.12 1 0
github.com/alecthomas/participle/v2/ebnf/ebnf.go:90.35,90.36 0 0
github.com/alecthomas/participle/v2/ebnf/ebnf.go:92.41,94.43 2 1
github.com/alecthomas/participle/v2/ebnf/ebnf.go:94.43,96.3 1 0
github.com/alecthomas/participle/v2/ebnf/ebnf.go:97.2,98.12 2 1
github.com/alecthomas/participle/v2/ebnf/ebnf.go:108.30,108.31 0 0
github.com/alecthomas/participle/v2/ebnf/ebnf.go:110.42,111.31 1 1
github.com/alecthomas/participle/v2/ebnf/ebnf.go:111.31,112.12 1 1
github.com/alecthomas/participle/v2/ebnf/ebnf.go:112.12,114.4 1 1
github.com/alecthomas/participle/v2/ebnf/ebnf.go:115.3,115.23 1 1
github.com/alecthomas/participle/v2/ebnf/ebnf.go:117.2,117.8 1 1
github.com/alecthomas/participle/v2/ebnf/ebnf.go:127.32,127.33 0 0
github.com/alecthomas/participle/v2/ebnf/ebnf.go:129.44,130.37 1 1
github.com/alecthomas/participle/v2/ebnf/ebnf.go:130.37,131.12 1 1
github.com/alecthomas/participle/v2/ebnf/ebnf.go:131.12,133.4 1 1
github.com/alecthomas/participle/v2/ebnf/ebnf.go:134.3,134.22 1 1
github.com/alecthomas/participle/v2/ebnf/ebnf.go:136.2,136.8 1 1
github.com/alecthomas/participle/v2/ebnf/ebnf.go:147.32,147.33 0 0
github.com/alecthomas/participle/v2/ebnf/ebnf.go:156.26,156.27 0 0
github.com/alecthomas/participle/v2/ebnf/ebnf.go:158.38,159.43 1 1
github.com/alecthomas/participle/v2/ebnf/ebnf.go:159.43,161.31 2 1
github.com/alecthomas/participle/v2/ebnf/ebnf.go:161.31,163.4 1 1
github.com/alecthomas/participle/v2/ebnf/ebnf.go:165.2,165.8 1 1
github.com/alecthomas/participle/v2/ebnf/ebnf.go:169.46,171.2 1 1
github.com/alecthomas/participle/v2/ebnf/ebnf.go:174.40,176.2 1 0
github.com/alecthomas/participle/v2/lexer/api.go:18.35,20.2 1 1
github.com/alecthomas/participle/v2/lexer/api.go:51.57,54.28 3 1
github.com/alecthomas/participle/v2/lexer/api.go:54.28,56.3 1 1
github.com/alecthomas/participle/v2/lexer/api.go:57.2,57.12 1 1
github.com/alecthomas/participle/v2/lexer/api.go:61.41,62.50 1 0
github.com/alecthomas/participle/v2/lexer/api.go:62.50,64.3 1 0
github.com/alecthomas/participle/v2/lexer/api.go:65.2,65.11 1 0
github.com/alecthomas/participle/v2/lexer/api.go:74.49,75.16 1 0
github.com/alecthomas/participle/v2/lexer/api.go:75.16,76.13 1 0
github.com/alecthomas/participle/v2/lexer/api.go:78.2,78.12 1 0
github.com/alecthomas/participle/v2/lexer/api.go:82.47,84.6 2 1
github.com/alecthomas/participle/v2/lexer/api.go:84.6,86.17 2 1
github.com/alecthomas/participle/v2/lexer/api.go:86.17,88.4 1 1
github.com/alecthomas/participle/v2/lexer/api.go:89.3,90.24 2 1
github.com/alecthomas/participle/v2/lexer/api.go:90.24,92.4 1 1
github.com/alecthomas/participle/v2/lexer/api.go:105.41,110.16 4 1
github.com/alecthomas/participle/v2/lexer/api.go:110.16,112.3 1 1
github.com/alecthomas/participle/v2/lexer/api.go:112.8,114.3 1 1
github.com/alecthomas/participle/v2/lexer/api.go:120.46,122.18 2 0
github.com/alecthomas/participle/v2/lexer/api.go:122.18,124.3 1 0
github.com/alecthomas/participle/v2/lexer/api.go:124.8,126.3 1 0
github.com/alecthomas/participle/v2/lexer/api.go:127.2,128.10 2 0
github.com/alecthomas/participle/v2/lexer/api.go:131.37,134.2 1 0
github.com/alecthomas/participle/v2/lexer/api.go:136.35,138.20 2 1
github.com/alecthomas/participle/v2/lexer/api.go:138.20,140.3 1 1
github.com/alecthomas/participle/v2/lexer/api.go:141.2,141.60 1 0
github.com/alecthomas/participle/v2/lexer/api.go:153.27,155.2 1 1
github.com/alecthomas/participle/v2/lexer/api.go:157.32,158.13 1 0
github.com/alecthomas/participle/v2/lexer/api.go:158.13,160.3 1 0
github.com/alecthomas/participle/v2/lexer/api.go:161.2,161.16 1 0
github.com/alecthomas/participle/v2/lexer/api.go:164.34,165.27 1 1
github.com/alecthomas/participle/v2/lexer/api.go:165.27,167.3 1 1
github.com/alecthomas/participle/v2/lexer/api.go:168.2,168.73 1 1
github.com/alecthomas/participle/v2/lexer/api.go:174.83,177.31 3 0
github.com/alecthomas/participle/v2/lexer/api.go:177.31,179.10 2 0
github.com/alecthomas/participle/v2/lexer/api.go:179.10,181.4 1 0
github.com/alecthomas/participle/v2/lexer/api.go:182.3,182.19 1 0
github.com/alecthomas/participle/v2/lexer/api.go:184.2,184.19 1 0
github.com/alecthomas/participle/v2/lexer/errors.go:25.70,27.2 1 1
github.com/alecthomas/participle/v2/lexer/errors.go:29.37,29.53 1 0
github.com/alecthomas/participle/v2/lexer/errors.go:30.37,30.53 1 0
github.com/alecthomas/participle/v2/lexer/errors.go:33.32,33.68 1 1
github.com/alecthomas/participle/v2/lexer/errors.go:36.55,38.24 2 1
github.com/alecthomas/participle/v2/lexer/errors.go:38.24,40.3 1 0
github.com/alecthomas/participle/v2/lexer/errors.go:41.2,41.38 1 1
github.com/alecthomas/participle/v2/lexer/errors.go:41.38,43.3 1 1
github.com/alecthomas/participle/v2/lexer/errors.go:44.2,44.15 1 1
github.com/alecthomas/participle/v2/lexer/errors.go:44.15,46.3 1 1
github.com/alecthomas/participle/v2/lexer/errors.go:46.8,48.3 1 0
github.com/alecthomas/participle/v2/lexer/errors.go:49.2,49.12 1 1
github.com/alecthomas/participle/v2/lexer/peek.go:25.68,29.27 2 1
github.com/alecthomas/participle/v2/lexer/peek.go:29.27,31.3 1 1
github.com/alecthomas/participle/v2/lexer/peek.go:32.2,32.6 1 1
github.com/alecthomas/participle/v2/lexer/peek.go:32.6,34.17 2 1
github.com/alecthomas/participle/v2/lexer/peek.go:34.17,36.4 1 0
github.com/alecthomas/participle/v2/lexer/peek.go:37.3,38.14 2 1
github.com/alecthomas/participle/v2/lexer/peek.go:38.14,39.9 1 1
github.com/alecthomas/participle/v2/lexer/peek.go:42.2,43.15 2 1
github.com/alecthomas/participle/v2/lexer/peek.go:47.66,49.2 1 1
github.com/alecthomas/participle/v2/lexer/peek.go:52.34,54.2 1 0
github.com/alecthomas/participle/v2/lexer/peek.go:57.43,59.2 1 1
github.com/alecthomas/participle/v2/lexer/peek.go:62.38,64.13 2 1
github.com/alecthomas/participle/v2/lexer/peek.go:64.13,66.3 1 1
github.com/alecthomas/participle/v2/lexer/peek.go:67.2,71.10 5 1
github.com/alecthomas/participle/v2/lexer/peek.go:75.38,77.2 1 1
github.com/alecthomas/participle/v2/lexer/peek.go:82.41,84.2 1 1
github.com/alecthomas/participle/v2/lexer/peek.go:87.45,88.25 1 1
github.com/alecthomas/participle/v2/lexer/peek.go:88.25,90.34 2 1
github.com/alecthomas/participle/v2/lexer/peek.go:90.34,92.4 1 1
github.com/alecthomas/participle/v2/lexer/peek.go:103.87,104.30 1 1
github.com/alecthomas/participle/v2/lexer/peek.go:104.30,106.46 2 1
github.com/alecthomas/participle/v2/lexer/peek.go:106.46,108.4 1 1
github.com/alecthomas/participle/v2/lexer/peek.go:113.57,114.48 1 1
github.com/alecthomas/participle/v2/lexer/peek.go:114.48,116.14 2 1
github.com/alecthomas/participle/v2/lexer/peek.go:116.14,117.9 1 0
github.com/alecthomas/participle/v2/lexer/peek.go:119.3,119.23 1 1
github.com/alecthomas/participle/v2/lexer/peek.go:119.23,121.4 1 1
github.com/alecthomas/participle/v2/lexer/peek.go:123.2,124.24 2 1
github.com/alecthomas/participle/v2/lexer/peek.go:127.52,129.2 1 0
github.com/alecthomas/participle/v2/lexer/peek.go:131.62,133.2 1 0
github.com/alecthomas/participle/v2/lexer/simple.go:13.57,15.16 2 1
github.com/alecthomas/participle/v2/lexer/simple.go:15.16,16.13 1 0
github.com/alecthomas/participle/v2/lexer/simple.go:18.2,18.12 1 1
github.com/alecthomas/participle/v2/lexer/simple.go:23.65,25.29 2 1
github.com/alecthomas/participle/v2/lexer/simple.go:25.29,27.3 1 1
github.com/alecthomas/participle/v2/lexer/simple.go:28.2,28.38 1 1
github.com/alecthomas/participle/v2/lexer/stateful.go:36.49,39.16 3 1
github.com/alecthomas/participle/v2/lexer/stateful.go:39.16,41.3 1 0
github.com/alecthomas/participle/v2/lexer/stateful.go:42.2,47.25 4 1
github.com/alecthomas/participle/v2/lexer/stateful.go:47.25,49.3 1 1
github.com/alecthomas/participle/v2/lexer/stateful.go:50.2,51.16 2 1
github.com/alecthomas/participle/v2/lexer/stateful.go:51.16,53.3 1 0
github.com/alecthomas/participle/v2/lexer/stateful.go:54.2,55.22 2 1
github.com/alecthomas/participle/v2/lexer/stateful.go:56.14,58.63 2 1
github.com/alecthomas/participle/v2/lexer/stateful.go:58.63,60.4 1 0
github.com/alecthomas/participle/v2/lexer/stateful.go:61.3,61.18 1 1
github.com/alecthomas/participle/v2/lexer/stateful.go:62.13,64.63 2 1
github.com/alecthomas/participle/v2/lexer/stateful.go:64.63,66.4 1 0
github.com/alecthomas/participle/v2/lexer/stateful.go:67.3,67.18 1 1
github.com/alecthomas/participle/v2/lexer/stateful.go:68.17,70.63 2 1
github.com/alecthomas/participle/v2/lexer/stateful.go:70.63,72.4 1 0
github.com/alecthomas/participle/v2/lexer/stateful.go:73.3,73.18 1 1
github.com/alecthomas/participle/v2/lexer/stateful.go:74.10,74.10 0 0
github.com/alecthomas/participle/v2/lexer/stateful.go:75.10,76.62 1 0
github.com/alecthomas/participle/v2/lexer/stateful.go:78.2,79.12 2 1
github.com/alecthomas/participle/v2/lexer/stateful.go:82.46,87.21 2 1
github.com/alecthomas/participle/v2/lexer/stateful.go:87.21,89.17 2 1
github.com/alecthomas/participle/v2/lexer/stateful.go:89.17,91.4 1 0
github.com/alecthomas/participle/v2/lexer/stateful.go:92.3,94.17 3 1
github.com/alecthomas/participle/v2/lexer/stateful.go:94.17,96.4 1 0
github.com/alecthomas/participle/v2/lexer/stateful.go:97.3,97.26 1 1
github.com/alecthomas/participle/v2/lexer/stateful.go:98.12,98.12 0 0
github.com/alecthomas/participle/v2/lexer/stateful.go:99.18,100.27 1 1
github.com/alecthomas/participle/v2/lexer/stateful.go:101.19,102.28 1 1
github.com/alecthomas/participle/v2/lexer/stateful.go:103.16,104.31 1 1
github.com/alecthomas/participle/v2/lexer/stateful.go:105.11,106.68 1 0
github.com/alecthomas/participle/v2/lexer/stateful.go:108.3,109.17 2 1
github.com/alecthomas/participle/v2/lexer/stateful.go:109.17,111.4 1 0
github.com/alecthomas/participle/v2/lexer/stateful.go:112.3,112.28 1 1
github.com/alecthomas/participle/v2/lexer/stateful.go:114.2,114.29 1 1
github.com/alecthomas/participle/v2/lexer/stateful.go:150.77,151.21 1 1
github.com/alecthomas/participle/v2/lexer/stateful.go:151.21,153.3 1 0
github.com/alecthomas/participle/v2/lexer/stateful.go:154.2,155.12 2 1
github.com/alecthomas/participle/v2/lexer/stateful.go:159.19,161.2 1 1
github.com/alecthomas/participle/v2/lexer/stateful.go:169.20,169.41 1 1
github.com/alecthomas/participle/v2/lexer/stateful.go:176.78,177.21 1 1
github.com/alecthomas/participle/v2/lexer/stateful.go:177.21,179.3 1 1
github.com/alecthomas/participle/v2/lexer/stateful.go:180.2,181.12 2 1
github.com/alecthomas/participle/v2/lexer/stateful.go:184.49,185.34 1 1
github.com/alecthomas/participle/v2/lexer/stateful.go:185.34,187.3 1 1
github.com/alecthomas/participle/v2/lexer/stateful.go:188.2,188.12 1 1
github.com/alecthomas/participle/v2/lexer/stateful.go:195.32,197.2 1 1
github.com/alecthomas/participle/v2/lexer/stateful.go:203.75,204.31 1 0
github.com/alecthomas/participle/v2/lexer/stateful.go:207.80,209.9 2 1
github.com/alecthomas/participle/v2/lexer/stateful.go:209.9,211.3 1 0
github.com/alecthomas/participle/v2/lexer/stateful.go:212.2,215.12 4 1
github.com/alecthomas/participle/v2/lexer/stateful.go:219.33,221.2 1 1
github.com/alecthomas/participle/v2/lexer/stateful.go:233.52,235.16 2 0
github.com/alecthomas/participle/v2/lexer/stateful.go:235.16,236.13 1 0
github.com/alecthomas/participle/v2/lexer/stateful.go:238.2,238.12 1 0
github.com/alecthomas/participle/v2/lexer/stateful.go:242.52,244.30 2 1
github.com/alecthomas/participle/v2/lexer/stateful.go:244.30,245.28 1 1
github.com/alecthomas/participle/v2/lexer/stateful.go:245.28,246.56 1 1
github.com/alecthomas/participle/v2/lexer/stateful.go:246.56,247.52 1 1
github.com/alecthomas/participle/v2/lexer/stateful.go:247.52,249.6 1 1
github.com/alecthomas/participle/v2/lexer/stateful.go:251.4,257.44 4 1
github.com/alecthomas/participle/v2/lexer/stateful.go:257.44,259.19 2 1
github.com/alecthomas/participle/v2/lexer/stateful.go:259.19,261.6 1 0
github.com/alecthomas/participle/v2/lexer/stateful.go:263.4,267.6 1 1
github.com/alecthomas/participle/v2/lexer/stateful.go:270.1,271.37 1 1
github.com/alecthomas/participle/v2/lexer/stateful.go:271.37,272.30 1 1
github.com/alecthomas/participle/v2/lexer/stateful.go:272.30,273.51 1 1
github.com/alecthomas/participle/v2/lexer/stateful.go:273.51,274.65 1 1
github.com/alecthomas/participle/v2/lexer/stateful.go:274.65,276.6 1 0
github.com/alecthomas/participle/v2/lexer/stateful.go:277.5,277.17 1 1
github.com/alecthomas/participle/v2/lexer/stateful.go:281.2,282.28 2 1
github.com/alecthomas/participle/v2/lexer/stateful.go:282.28,284.3 1 1
github.com/alecthomas/participle/v2/lexer/stateful.go:285.2,291.27 5 1
github.com/alecthomas/participle/v2/lexer/stateful.go:291.27,292.38 1 1
github.com/alecthomas/participle/v2/lexer/stateful.go:292.38,293.75 1 1
github.com/alecthomas/participle/v2/lexer/stateful.go:293.75,294.121 1 0
github.com/alecthomas/participle/v2/lexer/stateful.go:296.4,299.8 4 1
github.com/alecthomas/participle/v2/lexer/stateful.go:302.2,306.15 2 1
github.com/alecthomas/participle/v2/lexer/stateful.go:309.60,311.2 1 0
github.com/alecthomas/participle/v2/lexer/stateful.go:314.44,316.36 2 0
github.com/alecthomas/participle/v2/lexer/stateful.go:316.36,317.30 1 0
github.com/alecthomas/participle/v2/lexer/stateful.go:317.30,319.4 1 0
github.com/alecthomas/participle/v2/lexer/stateful.go:321.2,321.12 1 0
github.com/alecthomas/participle/v2/lexer/stateful.go:325.82,336.2 1 1
github.com/alecthomas/participle/v2/lexer/stateful.go:338.79,341.16 3 1
github.com/alecthomas/participle/v2/lexer/stateful.go:341.16,343.3 1 0
github.com/alecthomas/participle/v2/lexer/stateful.go:344.2,344.42 1 1
github.com/alecthomas/participle/v2/lexer/stateful.go:347.61,349.2 1 1
github.com/alecthomas/participle/v2/lexer/stateful.go:365.47,369.22 3 1
github.com/alecthomas/participle/v2/lexer/stateful.go:369.22,375.35 2 1
github.com/alecthomas/participle/v2/lexer/stateful.go:375.35,377.36 1 1
github.com/alecthomas/participle/v2/lexer/stateful.go:377.36,381.18 4 1
github.com/alecthomas/participle/v2/lexer/stateful.go:383.4,384.18 2 1
github.com/alecthomas/participle/v2/lexer/stateful.go:384.18,386.5 1 1
github.com/alecthomas/participle/v2/lexer/stateful.go:387.4,388.53 2 1
github.com/alecthomas/participle/v2/lexer/stateful.go:388.53,391.28 3 1
github.com/alecthomas/participle/v2/lexer/stateful.go:391.28,392.11 1 1
github.com/alecthomas/participle/v2/lexer/stateful.go:396.3,396.34 1 1
github.com/alecthomas/participle/v2/lexer/stateful.go:396.34,398.24 2 0
github.com/alecthomas/participle/v2/lexer/stateful.go:398.24,400.5 1 0
github.com/alecthomas/participle/v2/lexer/stateful.go:401.4,401.81 1 0
github.com/alecthomas/participle/v2/lexer/stateful.go:404.3,404.25 1 1
github.com/alecthomas/participle/v2/lexer/stateful.go:404.25,406.39 2 1
github.com/alecthomas/participle/v2/lexer/stateful.go:406.39,408.5 1 1
github.com/alecthomas/participle/v2/lexer/stateful.go:409.4,409.61 1 1
github.com/alecthomas/participle/v2/lexer/stateful.go:409.61,411.5 1 1
github.com/alecthomas/participle/v2/lexer/stateful.go:412.9,412.34 1 1
github.com/alecthomas/participle/v2/lexer/stateful.go:412.34,414.4 1 1
github.com/alecthomas/participle/v2/lexer/stateful.go:416.3,423.18 5 1
github.com/alecthomas/participle/v2/lexer/stateful.go:423.18,426.12 3 1
github.com/alecthomas/participle/v2/lexer/stateful.go:428.3,432.9 1 1
github.com/alecthomas/participle/v2/lexer/stateful.go:434.2,434.29 1 1
github.com/alecthomas/participle/v2/lexer/stateful.go:437.84,438.25 1 1
github.com/alecthomas/participle/v2/lexer/stateful.go:438.25,440.3 1 1
github.com/alecthomas/participle/v2/lexer/stateful.go:443.2,443.93 1 1
github.com/alecthomas/participle/v2/lexer/stateful.go:447.98,450.8 3 1
github.com/alecthomas/participle/v2/lexer/stateful.go:450.8,452.3 1 1
github.com/alecthomas/participle/v2/lexer/stateful.go:454.2,458.78 2 1
github.com/alecthomas/participle/v2/lexer/stateful.go:458.78,461.18 3 1
github.com/alecthomas/participle/v2/lexer/stateful.go:461.18,464.4 2 0
github.com/alecthomas/participle/v2/lexer/stateful.go:465.3,465.48 1 1
github.com/alecthomas/participle/v2/lexer/stateful.go:465.48,468.4 2 1
github.com/alecthomas/participle/v2/lexer/stateful.go:470.3,470.70 1 1
github.com/alecthomas/participle/v2/lexer/stateful.go:472.2,472.16 1 1
github.com/alecthomas/participle/v2/lexer/stateful.go:472.16,474.3 1 1
github.com/alecthomas/participle/v2/lexer/stateful.go:475.2,475.16 1 1
github.com/alecthomas/participle/v2/lexer/stateful.go:475.16,477.3 1 1
github.com/alecthomas/participle/v2/lexer/stateful.go:478.2,479.16 2 1
github.com/alecthomas/participle/v2/lexer/text_scanner.go:22.71,24.2 1 1
github.com/alecthomas/participle/v2/lexer/text_scanner.go:30.87,32.24 2 1
github.com/alecthomas/participle/v2/lexer/text_scanner.go:32.24,34.3 1 1
github.com/alecthomas/participle/v2/lexer/text_scanner.go:35.2,35.15 1 1
github.com/alecthomas/participle/v2/lexer/text_scanner.go:38.69,49.2 1 1
github.com/alecthomas/participle/v2/lexer/text_scanner.go:63.46,67.61 4 1
github.com/alecthomas/participle/v2/lexer/text_scanner.go:67.61,69.3 1 0
github.com/alecthomas/participle/v2/lexer/text_scanner.go:70.2,70.14 1 1
github.com/alecthomas/participle/v2/lexer/text_scanner.go:76.67,78.2 1 0
github.com/alecthomas/participle/v2/lexer/text_scanner.go:80.79,87.2 3 1
github.com/alecthomas/participle/v2/lexer/text_scanner.go:90.48,92.2 1 0
github.com/alecthomas/participle/v2/lexer/text_scanner.go:95.42,97.2 1 1
github.com/alecthomas/participle/v2/lexer/text_scanner.go:99.50,104.18 5 1
github.com/alecthomas/participle/v2/lexer/text_scanner.go:104.18,106.3 1 0
github.com/alecthomas/participle/v2/lexer/text_scanner.go:107.2,111.8 1 1
github.com/alecthomas/participle/v2/context.go:36.117,42.2 1 1
github.com/alecthomas/participle/v2/context.go:44.54,45.52 1 1
github.com/alecthomas/participle/v2/context.go:45.52,47.3 1 1
github.com/alecthomas/participle/v2/context.go:48.2,48.27 1 1
github.com/alecthomas/participle/v2/context.go:48.27,50.3 1 1
github.com/alecthomas/participle/v2/context.go:51.2,51.12 1 0
github.com/alecthomas/participle/v2/context.go:55.125,57.2 1 1
github.com/alecthomas/participle/v2/context.go:60.38,61.32 1 1
github.com/alecthomas/participle/v2/context.go:61.32,62.92 1 1
github.com/alecthomas/participle/v2/context.go:62.92,64.4 1 1
github.com/alecthomas/participle/v2/context.go:66.2,67.12 2 1
github.com/alecthomas/participle/v2/context.go:71.53,74.53 3 1
github.com/alecthomas/participle/v2/context.go:74.53,77.3 2 1
github.com/alecthomas/participle/v2/context.go:79.2,79.71 1 1
github.com/alecthomas/participle/v2/context.go:83.47,89.2 5 1
github.com/alecthomas/participle/v2/context.go:91.52,92.52 1 1
github.com/alecthomas/participle/v2/context.go:92.52,95.3 2 1
github.com/alecthomas/participle/v2/context.go:103.67,104.52 1 1
github.com/alecthomas/participle/v2/context.go:104.52,107.3 2 1
github.com/alecthomas/participle/v2/context.go:107.8,107.64 1 1
github.com/alecthomas/participle/v2/context.go:107.64,110.3 2 1
github.com/alecthomas/participle/v2/context.go:111.2,111.101 1 1
github.com/alecthomas/participle/v2/context.go:111.101,114.3 2 1
github.com/alecthomas/participle/v2/context.go:115.2,115.14 1 1
github.com/alecthomas/participle/v2/context.go:118.52,118.78 1 1
github.com/alecthomas/participle/v2/context.go:120.50,121.20 1 1
github.com/alecthomas/participle/v2/context.go:121.20,125.17 4 1
github.com/alecthomas/participle/v2/context.go:125.17,125.33 1 1
github.com/alecthomas/participle/v2/context.go:127.2,127.16 1 1
github.com/alecthomas/participle/v2/context.go:127.17,127.18 0 1
github.com/alecthomas/participle/v2/context.go:130.27,131.11 1 1
github.com/alecthomas/participle/v2/context.go:131.11,133.3 1 1
github.com/alecthomas/participle/v2/context.go:134.2,134.10 1 1
github.com/alecthomas/participle/v2/context.go:140.47,142.2 1 1
github.com/alecthomas/participle/v2/context.go:145.52,147.2 1 1
github.com/alecthomas/participle/v2/context.go:151.92,152.26 1 1
github.com/alecthomas/participle/v2/context.go:152.26,154.3 1 1
github.com/alecthomas/participle/v2/context.go:157.2,157.79 1 1
github.com/alecthomas/participle/v2/context.go:157.79,159.3 1 1
github.com/alecthomas/participle/v2/context.go:162.2,162.49 1 1
github.com/alecthomas/participle/v2/context.go:162.49,165.16 3 1
github.com/alecthomas/participle/v2/context.go:165.16,168.4 2 1
github.com/alecthomas/participle/v2/context.go:170.3,170.44 1 1
github.com/alecthomas/participle/v2/context.go:173.2,173.19 1 1
github.com/alecthomas/participle/v2/ebnf.go:11.37,13.2 1 1
github.com/alecthomas/participle/v2/ebnf.go:20.26,22.18 2 1
github.com/alecthomas/participle/v2/ebnf.go:23.14,26.26 3 1
github.com/alecthomas/participle/v2/ebnf.go:26.26,28.4 1 1
github.com/alecthomas/participle/v2/ebnf.go:29.3,29.33 1 1
github.com/alecthomas/participle/v2/ebnf.go:31.10,34.17 3 1
github.com/alecthomas/participle/v2/ebnf.go:38.81,39.23 1 1
github.com/alecthomas/participle/v2/ebnf.go:40.20,41.12 1 1
github.com/alecthomas/participle/v2/ebnf.go:41.12,43.4 1 1
github.com/alecthomas/participle/v2/ebnf.go:44.3,44.32 1 1
github.com/alecthomas/participle/v2/ebnf.go:44.32,45.13 1 1
github.com/alecthomas/participle/v2/ebnf.go:45.13,47.5 1 1
github.com/alecthomas/participle/v2/ebnf.go:48.4,48.41 1 1
github.com/alecthomas/participle/v2/ebnf.go:50.3,50.12 1 1
github.com/alecthomas/participle/v2/ebnf.go:50.12,52.4 1 1
github.com/alecthomas/participle/v2/ebnf.go:54.14,56.15 2 1
github.com/alecthomas/participle/v2/ebnf.go:56.15,58.4 1 1
github.com/alecthomas/participle/v2/ebnf.go:59.3,59.14 1 1
github.com/alecthomas/participle/v2/ebnf.go:59.14,61.4 1 1
github.com/alecthomas/participle/v2/ebnf.go:62.3,65.44 4 1
github.com/alecthomas/participle/v2/ebnf.go:65.44,66.13 1 1
github.com/alecthomas/participle/v2/ebnf.go:66.13,68.5 1 1
github.com/alecthomas/participle/v2/ebnf.go:69.4,69.41 1 1
github.com/alecthomas/participle/v2/ebnf.go:72.15,74.16 2 1
github.com/alecthomas/participle/v2/ebnf.go:76.14,78.15 2 1
github.com/alecthomas/participle/v2/ebnf.go:78.15,80.4 1 1
github.com/alecthomas/participle/v2/ebnf.go:81.3,81.14 1 1
github.com/alecthomas/participle/v2/ebnf.go:81.14,83.4 1 1
github.com/alecthomas/participle/v2/ebnf.go:84.3,87.41 4 1
github.com/alecthomas/participle/v2/ebnf.go:89.17,91.12 2 1
github.com/alecthomas/participle/v2/ebnf.go:91.12,93.4 1 1
github.com/alecthomas/participle/v2/ebnf.go:94.3,94.16 1 1
github.com/alecthomas/participle/v2/ebnf.go:94.16,97.16 3 1
github.com/alecthomas/participle/v2/ebnf.go:97.16,99.5 1 1
github.com/alecthomas/participle/v2/ebnf.go:101.3,101.12 1 1
github.com/alecthomas/participle/v2/ebnf.go:101.12,103.4 1 1
github.com/alecthomas/participle/v2/ebnf.go:105.18,106.22 1 0
github.com/alecthomas/participle/v2/ebnf.go:108.16,109.42 1 1
github.com/alecthomas/participle/v2/ebnf.go:111.18,112.53 1 1
github.com/alecthomas/participle/v2/ebnf.go:114.17,116.42 2 1
github.com/alecthomas/participle/v2/ebnf.go:118.16,119.34 1 1
github.com/alecthomas/participle/v2/ebnf.go:121.14,122.71 1 1
github.com/alecthomas/participle/v2/ebnf.go:122.71,124.4 1 1
github.com/alecthomas/participle/v2/ebnf.go:124.9,124.48 1 1
github.com/alecthomas/participle/v2/ebnf.go:124.48,125.86 1 1
github.com/alecthomas/participle/v2/ebnf.go:125.86,127.5 1 0
github.com/alecthomas/participle/v2/ebnf.go:127.10,129.5 1 1
github.com/alecthomas/participle/v2/ebnf.go:130.9,132.4 1 1
github.com/alecthomas/participle/v2/ebnf.go:133.3,133.17 1 1
github.com/alecthomas/participle/v2/ebnf.go:134.27,135.16 1 1
github.com/alecthomas/participle/v2/ebnf.go:136.28,137.16 1 1
github.com/alecthomas/participle/v2/ebnf.go:138.29,139.16 1 1
github.com/alecthomas/participle/v2/ebnf.go:140.28,141.16 1 1
github.com/alecthomas/participle/v2/ebnf.go:142.23,142.23 0 1
github.com/alecthomas/participle/v2/ebnf.go:145.23,146.18 1 1
github.com/alecthomas/participle/v2/ebnf.go:146.18,148.4 1 1
github.com/alecthomas/participle/v2/ebnf.go:148.9,150.4 1 1
github.com/alecthomas/participle/v2/ebnf.go:151.3,152.15 2 1
github.com/alecthomas/participle/v2/ebnf.go:154.10,155.52 1 0
github.com/alecthomas/participle/v2/error.go:23.36,26.24 3 1
github.com/alecthomas/participle/v2/error.go:26.24,28.3 1 1
github.com/alecthomas/participle/v2/error.go:29.2,29.38 1 1
github.com/alecthomas/participle/v2/error.go:29.38,31.3 1 1
github.com/alecthomas/participle/v2/error.go:32.2,32.15 1 1
github.com/alecthomas/participle/v2/error.go:32.15,34.3 1 1
github.com/alecthomas/participle/v2/error.go:34.8,36.3 1 1
github.com/alecthomas/participle/v2/error.go:37.2,37.12 1 1
github.com/alecthomas/participle/v2/error.go:49.47,49.72 1 1
github.com/alecthomas/participle/v2/error.go:51.49,53.25 2 1
github.com/alecthomas/participle/v2/error.go:53.25,55.3 1 1
github.com/alecthomas/participle/v2/error.go:55.8,55.27 1 1
github.com/alecthomas/participle/v2/error.go:55.27,57.3 1 0
github.com/alecthomas/participle/v2/error.go:58.2,58.69 1 1
github.com/alecthomas/participle/v2/error.go:60.58,60.85 1 1
github.com/alecthomas/participle/v2/error.go:71.48,71.73 1 1
github.com/alecthomas/participle/v2/error.go:72.48,72.64 1 1
github.com/alecthomas/participle/v2/error.go:73.48,73.64 1 1
github.com/alecthomas/participle/v2/error.go:76.75,78.2 1 1
github.com/alecthomas/participle/v2/error.go:85.45,85.61 1 1
github.com/alecthomas/participle/v2/error.go:93.85,95.33 2 1
github.com/alecthomas/participle/v2/error.go:95.33,98.3 2 0
github.com/alecthomas/participle/v2/error.go:98.8,100.3 1 1
github.com/alecthomas/participle/v2/error.go:101.2,101.82 1 1
github.com/alecthomas/participle/v2/grammar.go:17.66,23.2 1 1
github.com/alecthomas/participle/v2/grammar.go:25.64,27.27 2 1
github.com/alecthomas/participle/v2/grammar.go:27.27,28.48 1 1
github.com/alecthomas/participle/v2/grammar.go:28.48,30.4 1 0
github.com/alecthomas/participle/v2/grammar.go:31.3,35.61 2 1
github.com/alecthomas/participle/v2/grammar.go:37.2,37.27 1 1
github.com/alecthomas/participle/v2/grammar.go:37.27,39.42 2 1
github.com/alecthomas/participle/v2/grammar.go:39.42,41.18 2 1
github.com/alecthomas/participle/v2/grammar.go:41.18,43.5 1 0
github.com/alecthomas/participle/v2/grammar.go:44.4,44.81 1 1
github.com/alecthomas/participle/v2/grammar.go:47.2,47.12 1 1
github.com/alecthomas/participle/v2/grammar.go:50.66,51.27 1 1
github.com/alecthomas/participle/v2/grammar.go:51.27,52.48 1 1
github.com/alecthomas/participle/v2/grammar.go:52.48,54.4 1 0
github.com/alecthomas/participle/v2/grammar.go:55.3,55.69 1 1
github.com/alecthomas/participle/v2/grammar.go:57.2,57.12 1 1
github.com/alecthomas/participle/v2/grammar.go:61.84,63.33 2 1
github.com/alecthomas/participle/v2/grammar.go:63.33,64.30 1 1
github.com/alecthomas/participle/v2/grammar.go:64.30,66.4 1 1
github.com/alecthomas/participle/v2/grammar.go:67.3,67.16 1 1
github.com/alecthomas/participle/v2/grammar.go:69.2,69.33 1 1
github.com/alecthomas/participle/v2/grammar.go:69.33,71.3 1 0
github.com/alecthomas/participle/v2/grammar.go:72.2,72.48 1 1
github.com/alecthomas/participle/v2/grammar.go:72.48,74.3 1 1
github.com/alecthomas/participle/v2/grammar.go:75.2,75.18 1 1
github.com/alecthomas/participle/v2/grammar.go:76.34,78.33 2 0
github.com/alecthomas/participle/v2/grammar.go:78.33,80.4 1 0
github.com/alecthomas/participle/v2/grammar.go:81.3,81.14 1 0
github.com/alecthomas/participle/v2/grammar.go:83.22,85.17 2 1
github.com/alecthomas/participle/v2/grammar.go:85.17,87.4 1 0
github.com/alecthomas/participle/v2/grammar.go:88.3,90.29 3 1
github.com/alecthomas/participle/v2/grammar.go:90.29,92.4 1 1
github.com/alecthomas/participle/v2/grammar.go:93.3,93.48 1 1
github.com/alecthomas/participle/v2/grammar.go:93.48,93.78 1 1
github.com/alecthomas/participle/v2/grammar.go:94.3,95.17 2 1
github.com/alecthomas/participle/v2/grammar.go:95.17,97.4 1 1
github.com/alecthomas/participle/v2/grammar.go:98.3,98.15 1 1
github.com/alecthomas/participle/v2/grammar.go:98.15,100.4 1 0
github.com/alecthomas/participle/v2/grammar.go:101.3,101.46 1 1
github.com/alecthomas/participle/v2/grammar.go:101.46,103.4 1 0
github.com/alecthomas/participle/v2/grammar.go:104.3,105.18 2 1
github.com/alecthomas/participle/v2/grammar.go:107.2,107.96 1 0
github.com/alecthomas/participle/v2/grammar.go:110.80,112.6 2 1
github.com/alecthomas/participle/v2/grammar.go:112.6,114.17 2 1
github.com/alecthomas/participle/v2/grammar.go:114.17,116.4 1 1
github.com/alecthomas/participle/v2/grammar.go:117.3,117.15 1 1
github.com/alecthomas/participle/v2/grammar.go:117.15,119.4 1 1
github.com/alecthomas/participle/v2/grammar.go:120.3,121.51 2 1
github.com/alecthomas/participle/v2/grammar.go:121.51,122.9 1 1
github.com/alecthomas/participle/v2/grammar.go:124.3,125.17 2 1
github.com/alecthomas/participle/v2/grammar.go:125.17,127.4 1 0
github.com/alecthomas/participle/v2/grammar.go:129.2,129.25 1 1
github.com/alecthomas/participle/v2/grammar.go:129.25,131.3 1 1
github.com/alecthomas/participle/v2/grammar.go:132.2,132.17 1 1
github.com/alecthomas/participle/v2/grammar.go:135.77,139.6 3 1
github.com/alecthomas/participle/v2/grammar.go:139.6,140.46 1 1
github.com/alecthomas/participle/v2/grammar.go:140.46,142.4 1 0
github.com/alecthomas/participle/v2/grammar.go:142.9,142.37 1 1
github.com/alecthomas/participle/v2/grammar.go:142.37,143.14 1 1
github.com/alecthomas/participle/v2/grammar.go:145.3,146.17 2 1
github.com/alecthomas/participle/v2/grammar.go:146.17,148.4 1 1
github.com/alecthomas/participle/v2/grammar.go:149.3,149.18 1 1
github.com/alecthomas/participle/v2/grammar.go:149.18,150.14 1 1
github.com/alecthomas/participle/v2/grammar.go:152.3,152.25 1 1
github.com/alecthomas/participle/v2/grammar.go:152.25,155.4 2 1
github.com/alecthomas/participle/v2/grammar.go:155.9,158.4 2 1
github.com/alecthomas/participle/v2/grammar.go:160.2,160.22 1 1
github.com/alecthomas/participle/v2/grammar.go:160.22,162.3 1 1
github.com/alecthomas/participle/v2/grammar.go:163.2,163.22 1 1
github.com/alecthomas/participle/v2/grammar.go:163.22,165.3 1 1
github.com/alecthomas/participle/v2/grammar.go:166.2,166.18 1 1
github.com/alecthomas/participle/v2/grammar.go:169.103,171.16 2 1
github.com/alecthomas/participle/v2/grammar.go:171.16,173.3 1 0
github.com/alecthomas/participle/v2/grammar.go:174.2,174.16 1 1
github.com/alecthomas/participle/v2/grammar.go:175.11,176.32 1 1
github.com/alecthomas/participle/v2/grammar.go:177.55,178.32 1 1
github.com/alecthomas/participle/v2/grammar.go:179.16,180.33 1 1
github.com/alecthomas/participle/v2/grammar.go:181.11,182.33 1 1
github.com/alecthomas/participle/v2/grammar.go:183.11,184.35 1 1
github.com/alecthomas/participle/v2/grammar.go:185.11,187.30 1 1
github.com/alecthomas/participle/v2/grammar.go:188.21,189.34 1 1
github.com/alecthomas/participle/v2/grammar.go:190.17,192.18 2 0
github.com/alecthomas/participle/v2/grammar.go:193.10,194.19 1 1
github.com/alecthomas/participle/v2/grammar.go:194.19,196.4 1 1
github.com/alecthomas/participle/v2/grammar.go:197.3,197.51 1 1
github.com/alecthomas/participle/v2/grammar.go:201.92,203.16 2 1
github.com/alecthomas/participle/v2/grammar.go:203.16,205.3 1 1
github.com/alecthomas/participle/v2/grammar.go:206.2,206.37 1 1
github.com/alecthomas/participle/v2/grammar.go:210.88,213.16 3 1
github.com/alecthomas/participle/v2/grammar.go:213.16,215.3 1 0
github.com/alecthomas/participle/v2/grammar.go:216.2,216.16 1 1
github.com/alecthomas/participle/v2/grammar.go:217.11,218.32 1 1
github.com/alecthomas/participle/v2/grammar.go:219.11,220.33 1 1
github.com/alecthomas/participle/v2/grammar.go:221.11,222.34 1 1
github.com/alecthomas/participle/v2/grammar.go:223.11,224.33 1 1
github.com/alecthomas/participle/v2/grammar.go:225.10,226.19 1 1
github.com/alecthomas/participle/v2/grammar.go:228.2,229.17 2 1
github.com/alecthomas/participle/v2/grammar.go:233.76,236.16 3 1
github.com/alecthomas/participle/v2/grammar.go:236.16,238.3 1 0
github.com/alecthomas/participle/v2/grammar.go:239.2,240.23 2 1
github.com/alecthomas/participle/v2/grammar.go:240.23,243.17 3 1
github.com/alecthomas/participle/v2/grammar.go:243.17,245.4 1 1
github.com/alecthomas/participle/v2/grammar.go:246.3,246.33 1 1
github.com/alecthomas/participle/v2/grammar.go:248.2,249.144 2 1
github.com/alecthomas/participle/v2/grammar.go:249.144,251.3 1 0
github.com/alecthomas/participle/v2/grammar.go:252.2,253.16 2 1
github.com/alecthomas/participle/v2/grammar.go:253.16,255.3 1 1
github.com/alecthomas/participle/v2/grammar.go:256.2,256.32 1 1
github.com/alecthomas/participle/v2/grammar.go:260.78,262.16 2 1
github.com/alecthomas/participle/v2/grammar.go:262.16,264.3 1 0
github.com/alecthomas/participle/v2/grammar.go:265.2,265.33 1 1
github.com/alecthomas/participle/v2/grammar.go:265.33,267.3 1 0
github.com/alecthomas/participle/v2/grammar.go:268.2,269.9 2 1
github.com/alecthomas/participle/v2/grammar.go:269.9,271.3 1 1
github.com/alecthomas/participle/v2/grammar.go:272.2,272.59 1 1
github.com/alecthomas/participle/v2/grammar.go:276.77,279.16 3 1
github.com/alecthomas/participle/v2/grammar.go:279.16,281.3 1 0
github.com/alecthomas/participle/v2/grammar.go:282.2,284.16 3 1
github.com/alecthomas/participle/v2/grammar.go:284.16,286.3 1 0
github.com/alecthomas/participle/v2/grammar.go:287.2,287.22 1 1
github.com/alecthomas/participle/v2/grammar.go:287.22,289.3 1 0
github.com/alecthomas/participle/v2/grammar.go:290.2,290.15 1 1
github.com/alecthomas/participle/v2/grammar.go:294.79,297.16 3 1
github.com/alecthomas/participle/v2/grammar.go:297.16,299.3 1 0
github.com/alecthomas/participle/v2/grammar.go:300.2,302.16 3 1
github.com/alecthomas/participle/v2/grammar.go:302.16,304.3 1 0
github.com/alecthomas/participle/v2/grammar.go:305.2,305.22 1 1
github.com/alecthomas/participle/v2/grammar.go:305.22,307.3 1 0
github.com/alecthomas/participle/v2/grammar.go:308.2,308.15 1 1
github.com/alecthomas/participle/v2/grammar.go:312.74,315.16 3 1
github.com/alecthomas/participle/v2/grammar.go:315.16,317.3 1 0
github.com/alecthomas/participle/v2/grammar.go:318.2,318.22 1 1
github.com/alecthomas/participle/v2/grammar.go:318.22,320.3 1 1
github.com/alecthomas/participle/v2/grammar.go:321.2,322.16 2 1
github.com/alecthomas/participle/v2/grammar.go:322.16,324.3 1 1
github.com/alecthomas/participle/v2/grammar.go:325.2,325.32 1 1
github.com/alecthomas/participle/v2/grammar.go:329.86,333.16 4 1
github.com/alecthomas/participle/v2/grammar.go:333.16,335.3 1 0
github.com/alecthomas/participle/v2/grammar.go:336.2,336.19 1 1
github.com/alecthomas/participle/v2/grammar.go:337.11,338.19 1 1
github.com/alecthomas/participle/v2/grammar.go:339.11,340.18 1 1
github.com/alecthomas/participle/v2/grammar.go:341.10,342.61 1 1
github.com/alecthomas/participle/v2/grammar.go:344.2,345.16 2 1
github.com/alecthomas/participle/v2/grammar.go:345.16,347.3 1 0
github.com/alecthomas/participle/v2/grammar.go:348.2,348.61 1 1
github.com/alecthomas/participle/v2/grammar.go:352.77,354.16 2 1
github.com/alecthomas/participle/v2/grammar.go:354.16,356.3 1 1
github.com/alecthomas/participle/v2/grammar.go:357.2,358.16 2 1
github.com/alecthomas/participle/v2/grammar.go:358.16,360.3 1 0
github.com/alecthomas/participle/v2/grammar.go:361.2,361.22 1 1
github.com/alecthomas/participle/v2/grammar.go:361.22,363.3 1 1
github.com/alecthomas/participle/v2/grammar.go:364.2,364.18 1 1
github.com/alecthomas/participle/v2/grammar.go:370.77,373.16 3 1
github.com/alecthomas/participle/v2/grammar.go:373.16,375.3 1 1
github.com/alecthomas/participle/v2/grammar.go:376.2,376.29 1 1
github.com/alecthomas/participle/v2/grammar.go:383.73,385.16 2 1
github.com/alecthomas/participle/v2/grammar.go:385.16,387.3 1 0
github.com/alecthomas/participle/v2/grammar.go:388.2,391.16 4 1
github.com/alecthomas/participle/v2/grammar.go:391.16,393.3 1 0
github.com/alecthomas/participle/v2/grammar.go:394.2,394.23 1 1
github.com/alecthomas/participle/v2/grammar.go:394.23,397.17 3 1
github.com/alecthomas/participle/v2/grammar.go:397.17,399.4 1 0
github.com/alecthomas/participle/v2/grammar.go:400.3,400.34 1 1
github.com/alecthomas/participle/v2/grammar.go:400.34,402.4 1 1
github.com/alecthomas/participle/v2/grammar.go:403.3,405.10 3 1
github.com/alecthomas/participle/v2/grammar.go:405.10,407.4 1 0
github.com/alecthomas/participle/v2/grammar.go:409.2,409.57 1 1
github.com/alecthomas/participle/v2/grammar.go:412.48,413.58 1 1
github.com/alecthomas/participle/v2/grammar.go:413.58,415.3 1 1
github.com/alecthomas/participle/v2/grammar.go:416.2,416.10 1 1
github.com/alecthomas/participle/v2/grammar.go:419.41,421.2 1 1
github.com/alecthomas/participle/v2/map.go:24.51,25.38 1 1
github.com/alecthomas/participle/v2/map.go:25.38,31.3 2 1
github.com/alecthomas/participle/v2/map.go:37.38,38.21 1 1
github.com/alecthomas/participle/v2/map.go:38.21,40.3 1 1
github.com/alecthomas/participle/v2/map.go:41.2,41.54 1 1
github.com/alecthomas/participle/v2/map.go:41.54,43.17 2 1
github.com/alecthomas/participle/v2/map.go:43.17,45.4 1 0
github.com/alecthomas/participle/v2/map.go:46.3,47.16 2 1
github.com/alecthomas/participle/v2/map.go:51.40,55.14 4 1
github.com/alecthomas/participle/v2/map.go:55.14,57.17 2 1
github.com/alecthomas/participle/v2/map.go:57.17,59.4 1 0
github.com/alecthomas/participle/v2/map.go:60.3,61.23 2 1
github.com/alecthomas/participle/v2/map.go:63.2,63.17 1 1
github.com/alecthomas/participle/v2/map.go:67.36,68.58 1 1
github.com/alecthomas/participle/v2/map.go:68.58,71.3 2 1
github.com/alecthomas/participle/v2/map.go:75.36,76.38 1 1
github.com/alecthomas/participle/v2/map.go:76.38,79.3 2 1
github.com/alecthomas/participle/v2/map.go:90.64,90.88 1 1
github.com/alecthomas/participle/v2/map.go:92.82,94.16 2 1
github.com/alecthomas/participle/v2/map.go:94.16,96.3 1 0
github.com/alecthomas/participle/v2/map.go:97.2,97.40 1 1
github.com/alecthomas/participle/v2/map.go:105.52,107.16 2 1
github.com/alecthomas/participle/v2/map.go:107.16,109.3 1 0
github.com/alecthomas/participle/v2/map.go:110.2,110.20 1 1
github.com/alecthomas/participle/v2/nodes.go:43.47,44.17 1 1
github.com/alecthomas/participle/v2/nodes.go:44.17,46.3 1 1
github.com/alecthomas/participle/v2/nodes.go:47.2,47.36 1 1
github.com/alecthomas/participle/v2/nodes.go:47.36,49.3 1 0
github.com/alecthomas/participle/v2/nodes.go:49.8,51.3 1 1
github.com/alecthomas/participle/v2/nodes.go:59.39,59.57 1 0
github.com/alecthomas/participle/v2/nodes.go:60.39,60.62 1 0
github.com/alecthomas/participle/v2/nodes.go:62.101,67.16 5 1
github.com/alecthomas/participle/v2/nodes.go:67.16,68.23 1 1
github.com/alecthomas/participle/v2/nodes.go:68.23,70.4 1 1
github.com/alecthomas/participle/v2/nodes.go:71.3,71.18 1 0
github.com/alecthomas/participle/v2/nodes.go:73.2,73.40 1 1
github.com/alecthomas/participle/v2/nodes.go:82.36,82.54 1 0
github.com/alecthomas/participle/v2/nodes.go:83.36,83.59 1 0
github.com/alecthomas/participle/v2/nodes.go:85.98,88.58 3 1
github.com/alecthomas/participle/v2/nodes.go:88.58,89.23 1 0
github.com/alecthomas/participle/v2/nodes.go:89.23,91.4 1 0
github.com/alecthomas/participle/v2/nodes.go:92.3,92.18 1 0
github.com/alecthomas/participle/v2/nodes.go:94.2,94.41 1 1
github.com/alecthomas/participle/v2/nodes.go:103.35,103.53 1 0
github.com/alecthomas/participle/v2/nodes.go:104.35,104.58 1 1
github.com/alecthomas/participle/v2/nodes.go:106.97,109.16 3 1
github.com/alecthomas/participle/v2/nodes.go:109.16,111.3 1 0
github.com/alecthomas/participle/v2/nodes.go:112.2,112.22 1 1
github.com/alecthomas/participle/v2/nodes.go:112.22,114.3 1 1
github.com/alecthomas/participle/v2/nodes.go:115.2,115.18 1 1
github.com/alecthomas/participle/v2/nodes.go:128.40,134.50 3 1
github.com/alecthomas/participle/v2/nodes.go:134.50,136.3 1 1
github.com/alecthomas/participle/v2/nodes.go:137.2,138.50 2 1
github.com/alecthomas/participle/v2/nodes.go:138.50,140.3 1 1
github.com/alecthomas/participle/v2/nodes.go:141.2,142.36 2 1
github.com/alecthomas/participle/v2/nodes.go:142.36,144.3 1 1
github.com/alecthomas/participle/v2/nodes.go:145.2,145.10 1 1
github.com/alecthomas/participle/v2/nodes.go:148.35,148.53 1 1
github.com/alecthomas/participle/v2/nodes.go:149.35,149.58 1 1
github.com/alecthomas/participle/v2/nodes.go:151.97,157.50 6 1
github.com/alecthomas/participle/v2/nodes.go:157.50,159.57 1 1
github.com/alecthomas/participle/v2/nodes.go:159.57,167.4 6 1
github.com/alecthomas/participle/v2/nodes.go:168.3,170.34 3 1
github.com/alecthomas/participle/v2/nodes.go:171.8,171.23 1 1
github.com/alecthomas/participle/v2/nodes.go:171.23,173.3 1 1
github.com/alecthomas/participle/v2/nodes.go:174.2,178.41 5 1
github.com/alecthomas/participle/v2/nodes.go:181.76,182.28 1 1
github.com/alecthomas/participle/v2/nodes.go:182.28,184.3 1 1
github.com/alecthomas/participle/v2/nodes.go:185.2,186.53 2 1
github.com/alecthomas/participle/v2/nodes.go:189.74,190.31 1 1
github.com/alecthomas/participle/v2/nodes.go:190.31,192.3 1 1
github.com/alecthomas/participle/v2/nodes.go:193.2,194.53 2 1
github.com/alecthomas/participle/v2/nodes.go:197.74,198.31 1 1
github.com/alecthomas/participle/v2/nodes.go:198.31,200.3 1 1
github.com/alecthomas/participle/v2/nodes.go:201.2,201.65 1 1
github.com/alecthomas/participle/v2/nodes.go:206.41,207.11 1 0
github.com/alecthomas/participle/v2/nodes.go:208.22,209.13 1 0
github.com/alecthomas/participle/v2/nodes.go:210.27,211.14 1 0
github.com/alecthomas/participle/v2/nodes.go:212.28,213.14 1 0
github.com/alecthomas/participle/v2/nodes.go:214.27,215.14 1 0
github.com/alecthomas/participle/v2/nodes.go:216.26,217.14 1 0
github.com/alecthomas/participle/v2/nodes.go:219.2,219.13 1 0
github.com/alecthomas/participle/v2/nodes.go:242.35,242.53 1 1
github.com/alecthomas/participle/v2/nodes.go:243.35,243.78 1 0
github.com/alecthomas/participle/v2/nodes.go:244.97,249.16 4 1
github.com/alecthomas/participle/v2/nodes.go:250.26,252.17 2 1
github.com/alecthomas/participle/v2/nodes.go:252.17,254.4 1 0
github.com/alecthomas/participle/v2/nodes.go:255.3,255.20 1 1
github.com/alecthomas/participle/v2/nodes.go:255.20,258.4 2 1
github.com/alecthomas/participle/v2/nodes.go:259.3,259.18 1 1
github.com/alecthomas/participle/v2/nodes.go:260.22,261.35 1 1
github.com/alecthomas/participle/v2/nodes.go:262.27,263.10 1 1
github.com/alecthomas/participle/v2/nodes.go:264.28,266.22 2 1
github.com/alecthomas/participle/v2/nodes.go:267.27,269.22 2 1
github.com/alecthomas/participle/v2/nodes.go:271.2,272.33 2 1
github.com/alecthomas/participle/v2/nodes.go:272.33,275.17 3 1
github.com/alecthomas/participle/v2/nodes.go:275.17,278.76 2 1
github.com/alecthomas/participle/v2/nodes.go:278.76,281.33 2 1
github.com/alecthomas/participle/v2/nodes.go:281.33,283.6 1 0
github.com/alecthomas/participle/v2/nodes.go:284.5,285.13 2 1
github.com/alecthomas/participle/v2/nodes.go:288.4,288.29 1 1
github.com/alecthomas/participle/v2/nodes.go:288.29,291.5 2 1
github.com/alecthomas/participle/v2/nodes.go:292.4,292.9 1 1
github.com/alecthomas/participle/v2/nodes.go:294.3,296.15 3 1
github.com/alecthomas/participle/v2/nodes.go:296.15,297.9 1 1
github.com/alecthomas/participle/v2/nodes.go:301.2,302.30 2 1
github.com/alecthomas/participle/v2/nodes.go:302.30,304.3 1 0
github.com/alecthomas/participle/v2/nodes.go:306.2,306.34 1 1
github.com/alecthomas/participle/v2/nodes.go:306.34,308.3 1 0
github.com/alecthomas/participle/v2/nodes.go:310.2,310.28 1 1
github.com/alecthomas/participle/v2/nodes.go:310.28,312.3 1 1
github.com/alecthomas/participle/v2/nodes.go:313.2,313.17 1 1
github.com/alecthomas/participle/v2/nodes.go:322.44,322.62 1 0
github.com/alecthomas/participle/v2/nodes.go:323.44,323.73 1 0
github.com/alecthomas/participle/v2/nodes.go:325.106,332.40 6 1
github.com/alecthomas/participle/v2/nodes.go:332.40,334.3 1 1
github.com/alecthomas/participle/v2/nodes.go:335.2,335.31 1 1
github.com/alecthomas/participle/v2/nodes.go:343.41,343.59 1 0
github.com/alecthomas/participle/v2/nodes.go:344.41,344.67 1 1
github.com/alecthomas/participle/v2/nodes.go:346.103,353.28 3 1
github.com/alecthomas/participle/v2/nodes.go:353.28,355.56 2 1
github.com/alecthomas/participle/v2/nodes.go:355.56,357.29 1 1
github.com/alecthomas/participle/v2/nodes.go:357.29,359.5 1 0
github.com/alecthomas/participle/v2/nodes.go:362.4,362.39 1 1
github.com/alecthomas/participle/v2/nodes.go:362.39,366.5 3 1
github.com/alecthomas/participle/v2/nodes.go:367.9,367.26 1 1
github.com/alecthomas/participle/v2/nodes.go:367.26,370.40 3 1
github.com/alecthomas/participle/v2/nodes.go:370.40,371.115 1 0
github.com/alecthomas/participle/v2/nodes.go:373.4,374.21 2 1
github.com/alecthomas/participle/v2/nodes.go:377.2,377.23 1 1
github.com/alecthomas/participle/v2/nodes.go:377.23,380.3 2 1
github.com/alecthomas/participle/v2/nodes.go:381.2,381.17 1 1
github.com/alecthomas/participle/v2/nodes.go:391.38,391.56 1 1
github.com/alecthomas/participle/v2/nodes.go:392.38,392.61 1 1
github.com/alecthomas/participle/v2/nodes.go:394.100,396.35 2 1
github.com/alecthomas/participle/v2/nodes.go:396.35,399.17 3 1
github.com/alecthomas/participle/v2/nodes.go:399.17,401.4 1 1
github.com/alecthomas/participle/v2/nodes.go:402.3,402.19 1 1
github.com/alecthomas/participle/v2/nodes.go:402.19,404.14 1 1
github.com/alecthomas/participle/v2/nodes.go:404.14,406.5 1 1
github.com/alecthomas/participle/v2/nodes.go:407.4,408.72 2 1
github.com/alecthomas/participle/v2/nodes.go:413.3,413.17 1 1
github.com/alecthomas/participle/v2/nodes.go:413.17,415.4 1 1
github.com/alecthomas/participle/v2/nodes.go:417.2,417.17 1 1
github.com/alecthomas/participle/v2/nodes.go:426.37,426.55 1 0
github.com/alecthomas/participle/v2/nodes.go:427.37,427.59 1 1
github.com/alecthomas/participle/v2/nodes.go:429.99,433.14 4 1
github.com/alecthomas/participle/v2/nodes.go:433.14,435.3 1 1
github.com/alecthomas/participle/v2/nodes.go:436.2,436.16 1 1
github.com/alecthomas/participle/v2/nodes.go:436.16,438.3 1 1
github.com/alecthomas/participle/v2/nodes.go:439.2,439.14 1 1
github.com/alecthomas/participle/v2/nodes.go:439.14,441.3 1 1
github.com/alecthomas/participle/v2/nodes.go:442.2,442.37 1 1
github.com/alecthomas/participle/v2/nodes.go:451.39,451.57 1 0
github.com/alecthomas/participle/v2/nodes.go:452.39,452.92 1 1
github.com/alecthomas/participle/v2/nodes.go:454.101,456.56 2 1
github.com/alecthomas/participle/v2/nodes.go:456.56,458.3 1 1
github.com/alecthomas/participle/v2/nodes.go:459.2,459.25 1 1
github.com/alecthomas/participle/v2/nodes.go:459.25,461.3 1 1
github.com/alecthomas/participle/v2/nodes.go:462.2,463.59 2 1
github.com/alecthomas/participle/v2/nodes.go:473.37,473.55 1 0
github.com/alecthomas/participle/v2/nodes.go:474.37,474.89 1 1
github.com/alecthomas/participle/v2/nodes.go:476.99,478.36 2 1
github.com/alecthomas/participle/v2/nodes.go:478.36,480.34 2 1
github.com/alecthomas/participle/v2/nodes.go:480.34,482.4 1 1
github.com/alecthomas/participle/v2/nodes.go:482.9,484.4 1 1
github.com/alecthomas/participle/v2/nodes.go:485.3,485.54 1 1
github.com/alecthomas/participle/v2/nodes.go:487.2,488.18 2 1
github.com/alecthomas/participle/v2/nodes.go:488.18,491.3 2 1
github.com/alecthomas/participle/v2/nodes.go:492.2,492.17 1 1
github.com/alecthomas/participle/v2/nodes.go:499.38,499.56 1 0
github.com/alecthomas/participle/v2/nodes.go:500.38,500.61 1 0
github.com/alecthomas/participle/v2/nodes.go:502.100,508.18 4 1
github.com/alecthomas/participle/v2/nodes.go:508.18,511.3 1 1
github.com/alecthomas/participle/v2/nodes.go:513.2,514.30 2 1
github.com/alecthomas/participle/v2/nodes.go:514.30,517.3 1 1
github.com/alecthomas/participle/v2/nodes.go:520.2,521.58 2 1
github.com/alecthomas/participle/v2/nodes.go:527.87,528.27 1 1
github.com/alecthomas/participle/v2/nodes.go:528.27,529.75 1 1
github.com/alecthomas/participle/v2/nodes.go:529.75,531.20 1 1
github.com/alecthomas/participle/v2/nodes.go:531.20,533.5 1 0
github.com/alecthomas/participle/v2/nodes.go:534.4,534.16 1 1
github.com/alecthomas/participle/v2/nodes.go:538.3,538.27 1 1
github.com/alecthomas/participle/v2/nodes.go:538.27,539.21 1 1
github.com/alecthomas/participle/v2/nodes.go:539.21,541.5 1 1
github.com/alecthomas/participle/v2/nodes.go:542.4,543.12 2 1
github.com/alecthomas/participle/v2/nodes.go:546.3,547.15 2 1
github.com/alecthomas/participle/v2/nodes.go:548.79,550.18 2 1
github.com/alecthomas/participle/v2/nodes.go:550.18,552.5 1 1
github.com/alecthomas/participle/v2/nodes.go:553.4,554.15 2 1
github.com/alecthomas/participle/v2/nodes.go:556.84,558.18 2 1
github.com/alecthomas/participle/v2/nodes.go:558.18,560.5 1 1
github.com/alecthomas/participle/v2/nodes.go:561.4,562.16 2 1
github.com/alecthomas/participle/v2/nodes.go:564.21,565.29 1 1
github.com/alecthomas/participle/v2/nodes.go:567.41,569.18 2 1
github.com/alecthomas/participle/v2/nodes.go:569.18,571.5 1 1
github.com/alecthomas/participle/v2/nodes.go:572.4,573.17 2 1
github.com/alecthomas/participle/v2/nodes.go:576.3,576.23 1 1
github.com/alecthomas/participle/v2/nodes.go:578.2,578.17 1 1
github.com/alecthomas/participle/v2/nodes.go:581.40,582.14 1 1
github.com/alecthomas/participle/v2/nodes.go:583.35,584.11 1 1
github.com/alecthomas/participle/v2/nodes.go:585.37,586.12 1 1
github.com/alecthomas/participle/v2/nodes.go:587.54,588.12 1 1
github.com/alecthomas/participle/v2/nodes.go:589.54,590.12 1 1
github.com/alecthomas/participle/v2/nodes.go:591.33,592.25 1 1
github.com/alecthomas/participle/v2/nodes.go:594.2,594.44 1 0
github.com/alecthomas/participle/v2/nodes.go:597.69,598.26 1 1
github.com/alecthomas/participle/v2/nodes.go:598.26,600.3 1 1
github.com/alecthomas/participle/v2/nodes.go:601.2,601.32 1 1
github.com/alecthomas/participle/v2/nodes.go:601.32,602.22 1 1
github.com/alecthomas/participle/v2/nodes.go:602.22,604.4 1 1
github.com/alecthomas/participle/v2/nodes.go:605.3,607.13 3 0
github.com/alecthomas/participle/v2/nodes.go:609.2,609.14 1 1
github.com/alecthomas/participle/v2/nodes.go:619.122,623.29 2 1
github.com/alecthomas/participle/v2/nodes.go:623.29,624.16 1 1
github.com/alecthomas/participle/v2/nodes.go:624.16,628.4 3 1
github.com/alecthomas/participle/v2/nodes.go:628.9,630.4 1 1
github.com/alecthomas/participle/v2/nodes.go:633.2,634.21 2 1
github.com/alecthomas/participle/v2/nodes.go:634.21,636.3 1 1
github.com/alecthomas/participle/v2/nodes.go:638.2,638.27 1 1
github.com/alecthomas/participle/v2/nodes.go:638.27,641.3 2 1
github.com/alecthomas/participle/v2/nodes.go:643.2,643.28 1 1
github.com/alecthomas/participle/v2/nodes.go:643.28,646.3 2 1
github.com/alecthomas/participle/v2/nodes.go:648.2,648.17 1 1
github.com/alecthomas/participle/v2/nodes.go:648.17,649.50 1 1
github.com/alecthomas/participle/v2/nodes.go:649.50,651.33 2 1
github.com/alecthomas/participle/v2/nodes.go:651.33,653.5 1 1
github.com/alecthomas/participle/v2/nodes.go:654.4,655.18 2 1
github.com/alecthomas/participle/v2/nodes.go:655.18,657.5 1 0
github.com/alecthomas/participle/v2/nodes.go:658.4,658.14 1 1
github.com/alecthomas/participle/v2/nodes.go:659.9,659.74 1 1
github.com/alecthomas/participle/v2/nodes.go:659.74,660.33 1 1
github.com/alecthomas/participle/v2/nodes.go:660.33,661.75 1 1
github.com/alecthomas/participle/v2/nodes.go:661.75,663.6 1 0
github.com/alecthomas/participle/v2/nodes.go:665.4,665.14 1 1
github.com/alecthomas/participle/v2/nodes.go:669.2,669.31 1 1
github.com/alecthomas/participle/v2/nodes.go:669.31,671.100 2 1
github.com/alecthomas/participle/v2/nodes.go:671.100,672.43 1 1
github.com/alecthomas/participle/v2/nodes.go:672.43,674.5 1 1
github.com/alecthomas/participle/v2/nodes.go:675.4,675.33 1 1
github.com/alecthomas/participle/v2/nodes.go:675.33,677.71 2 1
github.com/alecthomas/participle/v2/nodes.go:677.71,679.6 1 0
github.com/alecthomas/participle/v2/nodes.go:680.5,681.46 2 1
github.com/alecthomas/participle/v2/nodes.go:681.46,683.6 1 1
github.com/alecthomas/participle/v2/nodes.go:684.5,684.39 1 1
github.com/alecthomas/participle/v2/nodes.go:686.9,688.18 2 1
github.com/alecthomas/participle/v2/nodes.go:688.18,690.5 1 0
github.com/alecthomas/participle/v2/nodes.go:691.4,691.43 1 1
github.com/alecthomas/participle/v2/nodes.go:693.3,693.13 1 1
github.com/alecthomas/participle/v2/nodes.go:697.2,697.32 1 1
github.com/alecthomas/participle/v2/nodes.go:697.32,699.17 2 1
github.com/alecthomas/participle/v2/nodes.go:699.17,701.4 1 0
github.com/alecthomas/participle/v2/nodes.go:702.3,702.27 1 1
github.com/alecthomas/participle/v2/nodes.go:702.27,704.4 1 1
github.com/alecthomas/participle/v2/nodes.go:705.3,706.32 2 1
github.com/alecthomas/participle/v2/nodes.go:706.32,708.4 1 1
github.com/alecthomas/participle/v2/nodes.go:709.3,710.13 2 1
github.com/alecthomas/participle/v2/nodes.go:715.2,715.25 1 1
github.com/alecthomas/participle/v2/nodes.go:715.25,717.32 2 1
github.com/alecthomas/participle/v2/nodes.go:717.32,719.4 1 1
github.com/alecthomas/participle/v2/nodes.go:720.3,720.71 1 1
github.com/alecthomas/participle/v2/nodes.go:723.2,724.16 2 1
github.com/alecthomas/participle/v2/nodes.go:724.16,726.3 1 1
github.com/alecthomas/participle/v2/nodes.go:727.2,727.26 1 1
github.com/alecthomas/participle/v2/nodes.go:727.26,729.3 1 1
github.com/alecthomas/participle/v2/nodes.go:731.2,733.18 2 1
github.com/alecthomas/participle/v2/nodes.go:735.78,736.28 1 1
github.com/alecthomas/participle/v2/nodes.go:736.28,738.4 1 0
github.com/alecthomas/participle/v2/nodes.go:738.9,740.4 1 1
github.com/alecthomas/participle/v2/nodes.go:741.83,742.28 1 1
github.com/alecthomas/participle/v2/nodes.go:742.28,744.4 1 0
github.com/alecthomas/participle/v2/nodes.go:744.9,746.4 1 1
github.com/alecthomas/participle/v2/nodes.go:748.40,749.28 1 1
github.com/alecthomas/participle/v2/nodes.go:749.28,751.4 1 0
github.com/alecthomas/participle/v2/nodes.go:751.9,753.4 1 1
github.com/alecthomas/participle/v2/nodes.go:755.55,756.60 1 1
github.com/alecthomas/participle/v2/nodes.go:756.60,758.9 2 1
github.com/alecthomas/participle/v2/nodes.go:760.3,760.28 1 1
github.com/alecthomas/participle/v2/nodes.go:760.28,762.4 1 0
github.com/alecthomas/participle/v2/nodes.go:763.3,763.12 1 1
github.com/alecthomas/participle/v2/nodes.go:765.10,766.85 1 0
github.com/alecthomas/participle/v2/nodes.go:768.2,768.12 1 1
github.com/alecthomas/participle/v2/options.go:20.41,21.38 1 1
github.com/alecthomas/participle/v2/options.go:21.38,24.3 2 1
github.com/alecthomas/participle/v2/options.go:41.33,42.38 1 1
github.com/alecthomas/participle/v2/options.go:42.38,45.3 2 1
github.com/alecthomas/participle/v2/options.go:52.47,53.38 1 1
github.com/alecthomas/participle/v2/options.go:53.38,54.32 1 1
github.com/alecthomas/participle/v2/options.go:54.32,56.4 1 1
github.com/alecthomas/participle/v2/options.go:57.3,57.13 1 1
github.com/alecthomas/participle/v2/options.go:72.80,73.38 1 1
github.com/alecthomas/participle/v2/options.go:73.38,76.53 3 1
github.com/alecthomas/participle/v2/options.go:76.53,78.4 1 0
github.com/alecthomas/participle/v2/options.go:79.3,81.13 3 1
github.com/alecthomas/participle/v2/options.go:99.40,100.38 1 1
github.com/alecthomas/participle/v2/options.go:100.38,103.44 3 1
github.com/alecthomas/participle/v2/options.go:103.44,105.4 1 0
github.com/alecthomas/participle/v2/options.go:106.3,107.29 2 1
github.com/alecthomas/participle/v2/options.go:107.29,109.4 1 1
github.com/alecthomas/participle/v2/options.go:110.3,111.13 2 1
github.com/alecthomas/participle/v2/options.go:119.37,120.31 1 1
github.com/alecthomas/participle/v2/options.go:120.31,122.3 1 1
github.com/alecthomas/participle/v2/options.go:128.41,129.31 1 1
github.com/alecthomas/participle/v2/options.go:129.31,131.3 1 1
github.com/alecthomas/participle/v2/options.go:151.58,152.31 1 1
github.com/alecthomas/participle/v2/options.go:152.31,153.24 1 1
github.com/alecthomas/participle/v2/options.go:153.24,157.4 1 1
github.com/alecthomas/participle/v2/options.go:158.3,158.71 1 1
github.com/alecthomas/participle/v2/options.go:164.45,165.31 1 1
github.com/alecthomas/participle/v2/options.go:165.31,166.24 1 1
github.com/alecthomas/participle/v2/options.go:166.24,168.4 1 1
github.com/alecthomas/participle/v2/options.go:169.3,169.29 1 1
github.com/alecthomas/participle/v2/parser.go:42.75,45.9 3 1
github.com/alecthomas/participle/v2/parser.go:45.9,47.3 1 0
github.com/alecthomas/participle/v2/parser.go:48.2,48.34 1 1
github.com/alecthomas/participle/v2/parser.go:52.53,54.16 2 1
github.com/alecthomas/participle/v2/parser.go:54.16,55.13 1 0
github.com/alecthomas/participle/v2/parser.go:57.2,57.15 1 1
github.com/alecthomas/participle/v2/parser.go:66.69,75.33 2 1
github.com/alecthomas/participle/v2/parser.go:75.33,76.49 1 1
github.com/alecthomas/participle/v2/parser.go:76.49,78.4 1 0
github.com/alecthomas/participle/v2/parser.go:81.2,82.24 2 1
github.com/alecthomas/participle/v2/parser.go:82.24,84.36 2 1
github.com/alecthomas/participle/v2/parser.go:84.36,85.32 1 1
github.com/alecthomas/participle/v2/parser.go:85.32,87.5 1 0
github.com/alecthomas/participle/v2/parser.go:87.10,88.43 1 1
github.com/alecthomas/participle/v2/parser.go:88.43,89.40 1 1
github.com/alecthomas/participle/v2/parser.go:89.40,91.7 1 0
github.com/alecthomas/participle/v2/parser.go:91.12,93.7 1 1
github.com/alecthomas/participle/v2/parser.go:97.3,97.76 1 1
github.com/alecthomas/participle/v2/parser.go:97.76,103.31 5 1
github.com/alecthomas/participle/v2/parser.go:103.31,105.19 2 1
github.com/alecthomas/participle/v2/parser.go:105.19,107.6 1 0
github.com/alecthomas/participle/v2/parser.go:109.4,109.17 1 1
github.com/alecthomas/participle/v2/parser.go:113.2,114.60 2 1
github.com/alecthomas/participle/v2/parser.go:114.60,116.3 1 0
github.com/alecthomas/participle/v2/parser.go:117.2,117.58 1 1
github.com/alecthomas/participle/v2/parser.go:117.58,119.3 1 0
github.com/alecthomas/participle/v2/parser.go:121.2,123.35 3 1
github.com/alecthomas/participle/v2/parser.go:123.35,125.3 1 0
github.com/alecthomas/participle/v2/parser.go:126.2,128.16 3 1
github.com/alecthomas/participle/v2/parser.go:128.16,130.3 1 1
github.com/alecthomas/participle/v2/parser.go:131.2,131.43 1 1
github.com/alecthomas/participle/v2/parser.go:131.43,133.3 1 1
github.com/alecthomas/participle/v2/parser.go:134.2,137.15 4 1
github.com/alecthomas/participle/v2/parser.go:141.46,143.2 1 0
github.com/alecthomas/participle/v2/parser.go:147.78,149.16 2 1
github.com/alecthomas/participle/v2/parser.go:149.16,151.3 1 0
github.com/alecthomas/participle/v2/parser.go:152.2,153.20 2 1
github.com/alecthomas/participle/v2/parser.go:160.97,164.16 4 1
github.com/alecthomas/participle/v2/parser.go:164.16,166.3 1 0
github.com/alecthomas/participle/v2/parser.go:167.2,168.15 2 1
github.com/alecthomas/participle/v2/parser.go:168.15,168.42 1 1
github.com/alecthomas/participle/v2/parser.go:169.2,169.33 1 1
github.com/alecthomas/participle/v2/parser.go:169.33,171.3 1 1
github.com/alecthomas/participle/v2/parser.go:173.2,173.45 1 1
github.com/alecthomas/participle/v2/parser.go:173.45,175.3 1 1
github.com/alecthomas/participle/v2/parser.go:176.2,176.43 1 1
github.com/alecthomas/participle/v2/parser.go:179.48,181.39 2 1
github.com/alecthomas/participle/v2/parser.go:181.39,182.29 1 1
github.com/alecthomas/participle/v2/parser.go:182.29,184.4 1 1
github.com/alecthomas/participle/v2/parser.go:188.86,190.16 2 1
github.com/alecthomas/participle/v2/parser.go:190.16,192.3 1 0
github.com/alecthomas/participle/v2/parser.go:193.2,193.45 1 1
github.com/alecthomas/participle/v2/parser.go:200.99,201.20 1 1
github.com/alecthomas/participle/v2/parser.go:201.20,203.3 1 1
github.com/alecthomas/participle/v2/parser.go:204.2,205.16 2 1
github.com/alecthomas/participle/v2/parser.go:205.16,207.3 1 0
github.com/alecthomas/participle/v2/parser.go:208.2,208.33 1 1
github.com/alecthomas/participle/v2/parser.go:215.102,217.50 2 1
github.com/alecthomas/participle/v2/parser.go:217.50,219.3 1 1
github.com/alecthomas/participle/v2/parser.go:219.8,221.3 1 1
github.com/alecthomas/participle/v2/parser.go:222.2,222.16 1 1
github.com/alecthomas/participle/v2/parser.go:222.16,224.3 1 0
github.com/alecthomas/participle/v2/parser.go:225.2,225.33 1 1
github.com/alecthomas/participle/v2/parser.go:232.101,234.49 2 0
github.com/alecthomas/participle/v2/parser.go:234.49,236.3 1 0
github.com/alecthomas/participle/v2/parser.go:236.8,238.3 1 0
github.com/alecthomas/participle/v2/parser.go:239.2,239.16 1 0
github.com/alecthomas/participle/v2/parser.go:239.16,241.3 1 0
github.com/alecthomas/participle/v2/parser.go:242.2,242.33 1 0
github.com/alecthomas/participle/v2/parser.go:245.89,247.16 2 1
github.com/alecthomas/participle/v2/parser.go:247.16,249.34 1 1
github.com/alecthomas/participle/v2/parser.go:249.34,252.4 2 0
github.com/alecthomas/participle/v2/parser.go:253.3,253.13 1 1
github.com/alecthomas/participle/v2/parser.go:255.2,256.40 2 1
github.com/alecthomas/participle/v2/parser.go:256.40,258.34 2 1
github.com/alecthomas/participle/v2/parser.go:258.34,261.4 2 1
github.com/alecthomas/participle/v2/parser.go:262.3,262.13 1 1
github.com/alecthomas/participle/v2/parser.go:265.2,265.33 1 1
github.com/alecthomas/participle/v2/parser.go:265.33,267.3 1 1
github.com/alecthomas/participle/v2/parser.go:268.2,268.12 1 1
github.com/alecthomas/participle/v2/parser.go:271.90,272.16 1 1
github.com/alecthomas/participle/v2/parser.go:272.16,274.3 1 0
github.com/alecthomas/participle/v2/parser.go:275.2,276.53 2 1
github.com/alecthomas/participle/v2/parser.go:276.53,278.3 1 1
github.com/alecthomas/participle/v2/parser.go:279.2,279.16 1 1
github.com/alecthomas/participle/v2/parser.go:279.16,281.3 1 1
github.com/alecthomas/participle/v2/parser.go:282.2,282.15 1 1
github.com/alecthomas/participle/v2/parser.go:282.15,285.3 2 1
github.com/alecthomas/participle/v2/parser.go:286.2,286.12 1 1
github.com/alecthomas/participle/v2/parser.go:289.81,290.59 1 1
github.com/alecthomas/participle/v2/parser.go:290.59,291.23 1 1
github.com/alecthomas/participle/v2/parser.go:291.23,293.4 1 0
github.com/alecthomas/participle/v2/parser.go:293.9,295.4 1 1
github.com/alecthomas/participle/v2/parser.go:296.3,296.31 1 1
github.com/alecthomas/participle/v2/parser.go:298.2,299.39 2 0
github.com/alecthomas/participle/v2/parser.go:299.39,301.3 1 0
github.com/alecthomas/participle/v2/parser.go:302.2,302.12 1 0
github.com/alecthomas/participle/v2/parser.go:305.56,308.32 3 1
github.com/alecthomas/participle/v2/parser.go:308.32,310.10 2 1
github.com/alecthomas/participle/v2/parser.go:310.10,311.61 1 0
github.com/alecthomas/participle/v2/parser.go:313.3,313.38 1 1
github.com/alecthomas/participle/v2/parser.go:315.2,315.19 1 1
github.com/alecthomas/participle/v2/parser.go:318.65,320.35 2 1
github.com/alecthomas/participle/v2/parser.go:320.35,322.3 1 0
github.com/alecthomas/participle/v2/parser.go:323.2,323.108 1 1
github.com/alecthomas/participle/v2/parser.go:323.108,325.3 1 0
github.com/alecthomas/participle/v2/parser.go:326.2,327.22 2 1
github.com/alecthomas/participle/v2/parser.go:327.22,330.3 2 1
github.com/alecthomas/participle/v2/parser.go:331.2,331.22 1 1
github.com/alecthomas/participle/v2/parser.go:331.22,333.3 1 0
github.com/alecthomas/participle/v2/parser.go:334.2,334.23 1 1
github.com/alecthomas/participle/v2/recovery.go:46.40,47.24 1 1
github.com/alecthomas/participle/v2/recovery.go:47.24,49.3 1 1
github.com/alecthomas/participle/v2/recovery.go:50.2,50.24 1 1
github.com/alecthomas/participle/v2/recovery.go:50.24,52.3 1 1
github.com/alecthomas/participle/v2/recovery.go:53.2,54.37 2 1
github.com/alecthomas/participle/v2/recovery.go:54.37,56.3 1 1
github.com/alecthomas/participle/v2/recovery.go:57.2,57.12 1 1
github.com/alecthomas/participle/v2/recovery.go:61.40,62.24 1 1
github.com/alecthomas/participle/v2/recovery.go:62.24,64.3 1 1
github.com/alecthomas/participle/v2/recovery.go:65.2,65.20 1 1
github.com/alecthomas/participle/v2/recovery.go:91.53,96.2 1 1
github.com/alecthomas/participle/v2/recovery.go:100.52,105.2 1 1
github.com/alecthomas/participle/v2/recovery.go:108.83,111.2 2 1
github.com/alecthomas/participle/v2/recovery.go:113.120,115.33 2 1
github.com/alecthomas/participle/v2/recovery.go:115.33,117.3 1 1
github.com/alecthomas/participle/v2/recovery.go:120.2,120.6 1 1
github.com/alecthomas/participle/v2/recovery.go:120.6,122.18 2 1
github.com/alecthomas/participle/v2/recovery.go:122.18,124.4 1 1
github.com/alecthomas/participle/v2/recovery.go:125.3,125.27 1 1
github.com/alecthomas/participle/v2/recovery.go:125.27,126.26 1 1
github.com/alecthomas/participle/v2/recovery.go:126.26,128.5 1 1
github.com/alecthomas/participle/v2/recovery.go:130.4,131.25 2 1
github.com/alecthomas/participle/v2/recovery.go:131.25,133.5 1 1
github.com/alecthomas/participle/v2/recovery.go:134.4,134.28 1 1
github.com/alecthomas/participle/v2/recovery.go:136.3,136.13 1 1
github.com/alecthomas/participle/v2/recovery.go:158.76,163.2 1 1
github.com/alecthomas/participle/v2/recovery.go:166.87,169.2 2 1
github.com/alecthomas/participle/v2/recovery.go:171.129,173.34 2 1
github.com/alecthomas/participle/v2/recovery.go:173.34,175.3 1 1
github.com/alecthomas/participle/v2/recovery.go:178.2,179.42 2 1
github.com/alecthomas/participle/v2/recovery.go:179.42,181.3 1 1
github.com/alecthomas/participle/v2/recovery.go:186.2,187.23 2 1
github.com/alecthomas/participle/v2/recovery.go:211.89,217.2 1 1
github.com/alecthomas/participle/v2/recovery.go:220.97,223.2 2 1
github.com/alecthomas/participle/v2/recovery.go:225.127,229.32 3 1
github.com/alecthomas/participle/v2/recovery.go:229.32,232.3 2 1
github.com/alecthomas/participle/v2/recovery.go:235.2,242.6 4 1
github.com/alecthomas/participle/v2/recovery.go:242.6,244.18 2 1
github.com/alecthomas/participle/v2/recovery.go:244.18,246.4 1 1
github.com/alecthomas/participle/v2/recovery.go:249.3,249.57 1 1
github.com/alecthomas/participle/v2/recovery.go:249.57,250.30 1 1
github.com/alecthomas/participle/v2/recovery.go:250.30,252.5 1 1
github.com/alecthomas/participle/v2/recovery.go:252.10,254.5 1 1
github.com/alecthomas/participle/v2/recovery.go:258.3,258.27 1 1
github.com/alecthomas/participle/v2/recovery.go:258.27,259.34 1 1
github.com/alecthomas/participle/v2/recovery.go:259.34,261.19 2 1
github.com/alecthomas/participle/v2/recovery.go:261.19,264.27 2 1
github.com/alecthomas/participle/v2/recovery.go:264.27,266.7 1 1
github.com/alecthomas/participle/v2/recovery.go:267.6,267.30 1 1
github.com/alecthomas/participle/v2/recovery.go:269.10,269.38 1 1
github.com/alecthomas/participle/v2/recovery.go:269.38,271.5 1 1
github.com/alecthomas/participle/v2/recovery.go:271.10,275.5 1 1
github.com/alecthomas/participle/v2/recovery.go:278.3,278.13 1 1
github.com/alecthomas/participle/v2/recovery.go:296.67,301.2 1 1
github.com/alecthomas/participle/v2/recovery.go:303.120,305.33 2 1
github.com/alecthomas/participle/v2/recovery.go:305.33,307.3 1 1
github.com/alecthomas/participle/v2/recovery.go:309.2,309.6 1 1
github.com/alecthomas/participle/v2/recovery.go:309.6,311.18 2 1
github.com/alecthomas/participle/v2/recovery.go:311.18,313.4 1 1
github.com/alecthomas/participle/v2/recovery.go:314.3,314.26 1 1
github.com/alecthomas/participle/v2/recovery.go:314.26,315.26 1 1
github.com/alecthomas/participle/v2/recovery.go:315.26,317.5 1 1
github.com/alecthomas/participle/v2/recovery.go:318.4,319.25 2 1
github.com/alecthomas/participle/v2/recovery.go:319.25,321.5 1 1
github.com/alecthomas/participle/v2/recovery.go:322.4,322.28 1 1
github.com/alecthomas/participle/v2/recovery.go:324.3,324.13 1 1
github.com/alecthomas/participle/v2/recovery.go:334.71,336.2 1 1
github.com/alecthomas/participle/v2/recovery.go:338.120,341.40 2 1
github.com/alecthomas/participle/v2/recovery.go:341.40,343.16 2 1
github.com/alecthomas/participle/v2/recovery.go:343.16,345.4 1 1
github.com/alecthomas/participle/v2/recovery.go:347.3,347.36 1 1
github.com/alecthomas/participle/v2/recovery.go:349.2,349.24 1 1
github.com/alecthomas/participle/v2/recovery.go:355.58,357.2 1 1
github.com/alecthomas/participle/v2/recovery.go:360.63,362.2 1 1
github.com/alecthomas/participle/v2/struct.go:22.54,24.16 2 1
github.com/alecthomas/participle/v2/struct.go:24.16,26.3 1 0
github.com/alecthomas/participle/v2/struct.go:27.2,31.27 2 1
github.com/alecthomas/participle/v2/struct.go:31.27,34.17 3 1
github.com/alecthomas/participle/v2/struct.go:34.17,36.4 1 0
github.com/alecthomas/participle/v2/struct.go:38.2,38.18 1 1
github.com/alecthomas/participle/v2/struct.go:42.38,44.2 1 1
github.com/alecthomas/participle/v2/struct.go:52.48,54.2 1 1
github.com/alecthomas/participle/v2/struct.go:56.60,57.29 1 1
github.com/alecthomas/participle/v2/struct.go:57.29,59.3 1 0
github.com/alecthomas/participle/v2/struct.go:60.2,63.3 1 1
github.com/alecthomas/participle/v2/struct.go:66.52,69.6 3 1
github.com/alecthomas/participle/v2/struct.go:69.6,71.19 2 1
github.com/alecthomas/participle/v2/struct.go:71.19,74.4 2 1
github.com/alecthomas/participle/v2/struct.go:75.3,76.28 2 1
github.com/alecthomas/participle/v2/struct.go:76.28,79.4 2 1
github.com/alecthomas/participle/v2/struct.go:80.3,84.17 5 1
github.com/alecthomas/participle/v2/struct.go:84.17,86.4 1 0
github.com/alecthomas/participle/v2/struct.go:90.52,92.18 2 1
github.com/alecthomas/participle/v2/struct.go:92.18,95.3 2 1
github.com/alecthomas/participle/v2/struct.go:96.2,96.31 1 1
github.com/alecthomas/participle/v2/struct.go:96.31,99.3 2 1
github.com/alecthomas/participle/v2/struct.go:100.2,105.16 6 1
github.com/alecthomas/participle/v2/struct.go:105.16,107.3 1 0
github.com/alecthomas/participle/v2/struct.go:108.2,108.17 1 1
github.com/alecthomas/participle/v2/struct.go:111.54,112.47 1 1
github.com/alecthomas/participle/v2/struct.go:112.47,114.3 1 1
github.com/alecthomas/participle/v2/struct.go:115.2,115.26 1 1
github.com/alecthomas/participle/v2/struct.go:119.67,120.32 1 1
github.com/alecthomas/participle/v2/struct.go:120.32,122.3 1 0
github.com/alecthomas/participle/v2/struct.go:123.2,124.36 2 1
github.com/alecthomas/participle/v2/struct.go:124.36,126.10 2 1
github.com/alecthomas/participle/v2/struct.go:127.55,129.18 2 1
github.com/alecthomas/participle/v2/struct.go:129.18,131.5 1 0
github.com/alecthomas/participle/v2/struct.go:132.4,132.33 1 1
github.com/alecthomas/participle/v2/struct.go:132.33,134.5 1 1
github.com/alecthomas/participle/v2/struct.go:136.24,137.12 1 1
github.com/alecthomas/participle/v2/struct.go:139.31,140.30 1 1
github.com/alecthomas/participle/v2/struct.go:143.2,143.8 1 1
github.com/alecthomas/participle/v2/struct.go:153.57,160.61 4 1
github.com/alecthomas/participle/v2/struct.go:160.61,162.46 1 1
github.com/alecthomas/participle/v2/struct.go:162.46,164.4 1 0
github.com/alecthomas/participle/v2/struct.go:166.2,166.14 1 1
github.com/alecthomas/participle/v2/struct.go:169.48,174.18 5 1
github.com/alecthomas/participle/v2/struct.go:174.18,176.3 1 0
github.com/alecthomas/participle/v2/struct.go:177.2,181.4 1 1
github.com/alecthomas/participle/v2/struct.go:184.67,186.20 1 1
github.com/alecthomas/participle/v2/struct.go:187.20,191.14 2 1
github.com/alecthomas/participle/v2/struct.go:192.22,194.17 2 1
github.com/alecthomas/participle/v2/struct.go:194.17,196.4 1 0
github.com/alecthomas/participle/v2/struct.go:197.3,198.66 2 1
github.com/alecthomas/participle/v2/struct.go:198.66,200.4 1 1
github.com/alecthomas/participle/v2/struct.go:201.25,202.52 1 0
github.com/alecthomas/participle/v2/struct.go:204.10,204.10 0 1
github.com/alecthomas/participle/v2/struct.go:206.2,206.19 1 1
github.com/alecthomas/participle/v2/validate.go:11.29,15.56 3 1
github.com/alecthomas/participle/v2/validate.go:15.56,16.30 1 1
github.com/alecthomas/participle/v2/validate.go:16.30,17.41 1 1
github.com/alecthomas/participle/v2/validate.go:17.41,19.5 1 1
github.com/alecthomas/participle/v2/validate.go:20.4,21.15 2 1
github.com/alecthomas/participle/v2/validate.go:21.15,23.5 1 1
github.com/alecthomas/participle/v2/validate.go:25.3,26.16 2 1
github.com/alecthomas/participle/v2/validate.go:30.48,31.15 1 1
github.com/alecthomas/participle/v2/validate.go:31.15,31.32 1 1
github.com/alecthomas/participle/v2/validate.go:32.2,33.61 2 1
github.com/alecthomas/participle/v2/validate.go:33.61,34.12 1 1
github.com/alecthomas/participle/v2/validate.go:34.12,36.4 1 1
github.com/alecthomas/participle/v2/validate.go:37.3,37.24 1 1
github.com/alecthomas/participle/v2/validate.go:38.15,39.25 1 1
github.com/alecthomas/participle/v2/validate.go:39.25,41.5 1 1
github.com/alecthomas/participle/v2/validate.go:43.18,44.15 1 1
github.com/alecthomas/participle/v2/validate.go:44.15,45.18 1 1
github.com/alecthomas/participle/v2/validate.go:48.3,48.14 1 1
github.com/alecthomas/participle/v2/validate.go:48.14,50.4 1 0
github.com/alecthomas/participle/v2/validate.go:51.3,52.16 2 1
github.com/alecthomas/participle/v2/validate.go:54.2,54.8 1 1
github.com/alecthomas/participle/v2/validate.go:57.30,59.2 1 1
github.com/alecthomas/participle/v2/visit.go:8.73,9.33 1 1
github.com/alecthomas/participle/v2/visit.go:9.33,10.24 1 1
github.com/alecthomas/participle/v2/visit.go:11.21,12.34 1 1
github.com/alecthomas/participle/v2/visit.go:12.34,13.49 1 1
github.com/alecthomas/participle/v2/visit.go:13.49,15.6 1 0
github.com/alecthomas/participle/v2/visit.go:17.4,17.14 1 1
github.com/alecthomas/participle/v2/visit.go:18.15,19.33 1 1
github.com/alecthomas/participle/v2/visit.go:20.16,21.14 1 1
github.com/alecthomas/participle/v2/visit.go:22.15,23.47 1 1
github.com/alecthomas/participle/v2/visit.go:23.47,24.50 1 1
github.com/alecthomas/participle/v2/visit.go:24.50,26.6 1 0
github.com/alecthomas/participle/v2/visit.go:28.4,28.14 1 1
github.com/alecthomas/participle/v2/visit.go:29.18,30.49 1 1
github.com/alecthomas/participle/v2/visit.go:30.49,32.5 1 0
github.com/alecthomas/participle/v2/visit.go:33.4,33.21 1 1
github.com/alecthomas/participle/v2/visit.go:33.21,35.5 1 1
github.com/alecthomas/participle/v2/visit.go:36.4,36.14 1 1
github.com/alecthomas/participle/v2/visit.go:37.19,38.14 1 1
github.com/alecthomas/participle/v2/visit.go:39.17,40.33 1 1
github.com/alecthomas/participle/v2/visit.go:41.19,42.14 1 1
github.com/alecthomas/participle/v2/visit.go:43.18,44.33 1 1
github.com/alecthomas/participle/v2/visit.go:45.17,46.14 1 1
github.com/alecthomas/participle/v2/visit.go:47.15,48.33 1 1
github.com/alecthomas/participle/v2/visit.go:49.24,50.33 1 1
github.com/alecthomas/participle/v2/visit.go:51.11,52.31 1 0
github.com/alecthomas/participle/v2/cmd/railroad/main.go:32.75,33.23 1 0
github.com/alecthomas/participle/v2/cmd/railroad/main.go:34.18,50.35 2 0
github.com/alecthomas/participle/v2/cmd/railroad/main.go:50.35,52.4 1 0
github.com/alecthomas/participle/v2/cmd/railroad/main.go:53.3,53.19 1 0
github.com/alecthomas/participle/v2/cmd/railroad/main.go:55.24,56.58 1 0
github.com/alecthomas/participle/v2/cmd/railroad/main.go:56.58,57.9 1 0
github.com/alecthomas/participle/v2/cmd/railroad/main.go:59.3,64.21 6 0
github.com/alecthomas/participle/v2/cmd/railroad/main.go:66.24,68.36 2 0
github.com/alecthomas/participle/v2/cmd/railroad/main.go:68.36,69.13 1 0
github.com/alecthomas/participle/v2/cmd/railroad/main.go:69.13,71.5 1 0
github.com/alecthomas/participle/v2/cmd/railroad/main.go:72.4,72.33 1 0
github.com/alecthomas/participle/v2/cmd/railroad/main.go:74.3,74.11 1 0
github.com/alecthomas/participle/v2/cmd/railroad/main.go:76.27,78.49 2 0
github.com/alecthomas/participle/v2/cmd/railroad/main.go:78.49,80.4 1 0
github.com/alecthomas/participle/v2/cmd/railroad/main.go:82.22,84.29 2 0
github.com/alecthomas/participle/v2/cmd/railroad/main.go:84.29,85.13 1 0
github.com/alecthomas/participle/v2/cmd/railroad/main.go:85.13,87.5 1 0
github.com/alecthomas/participle/v2/cmd/railroad/main.go:88.4,88.33 1 0
github.com/alecthomas/participle/v2/cmd/railroad/main.go:90.3,90.11 1 0
github.com/alecthomas/participle/v2/cmd/railroad/main.go:92.18,93.23 1 0
github.com/alecthomas/participle/v2/cmd/railroad/main.go:94.12,95.22 1 0
github.com/alecthomas/participle/v2/cmd/railroad/main.go:96.12,97.21 1 0
github.com/alecthomas/participle/v2/cmd/railroad/main.go:98.12,99.20 1 0
github.com/alecthomas/participle/v2/cmd/railroad/main.go:101.3,101.10 1 0
github.com/alecthomas/participle/v2/cmd/railroad/main.go:102.21,104.34 2 0
github.com/alecthomas/participle/v2/cmd/railroad/main.go:104.34,106.5 1 0
github.com/alecthomas/participle/v2/cmd/railroad/main.go:106.10,108.5 1 0
github.com/alecthomas/participle/v2/cmd/railroad/main.go:110.23,111.39 1 0
github.com/alecthomas/participle/v2/cmd/railroad/main.go:113.24,114.47 1 0
github.com/alecthomas/participle/v2/cmd/railroad/main.go:116.22,117.48 1 0
github.com/alecthomas/participle/v2/cmd/railroad/main.go:119.11,120.25 1 0
github.com/alecthomas/participle/v2/cmd/railroad/main.go:123.3,123.25 1 0
github.com/alecthomas/participle/v2/cmd/railroad/main.go:123.25,125.4 1 0
github.com/alecthomas/participle/v2/cmd/railroad/main.go:126.3,126.17 1 0
github.com/alecthomas/participle/v2/cmd/railroad/main.go:126.17,128.4 1 0
github.com/alecthomas/participle/v2/cmd/railroad/main.go:130.10,131.24 1 0
github.com/alecthomas/participle/v2/cmd/railroad/main.go:133.2,133.8 1 0
github.com/alecthomas/participle/v2/cmd/railroad/main.go:136.83,137.23 1 0
github.com/alecthomas/participle/v2/cmd/railroad/main.go:138.18,139.35 1 0
github.com/alecthomas/participle/v2/cmd/railroad/main.go:139.35,141.4 1 0
github.com/alecthomas/participle/v2/cmd/railroad/main.go:142.3,142.35 1 0
github.com/alecthomas/participle/v2/cmd/railroad/main.go:142.35,144.4 1 0
github.com/alecthomas/participle/v2/cmd/railroad/main.go:145.3,145.35 1 0
github.com/alecthomas/participle/v2/cmd/railroad/main.go:145.35,146.60 1 0
github.com/alecthomas/participle/v2/cmd/railroad/main.go:146.60,148.5 1 0
github.com/alecthomas/participle/v2/cmd/railroad/main.go:150.24,151.79 1 0
github.com/alecthomas/participle/v2/cmd/railroad/main.go:152.24,153.36 1 0
github.com/alecthomas/participle/v2/cmd/railroad/main.go:153.36,155.4 1 0
github.com/alecthomas/participle/v2/cmd/railroad/main.go:156.27,157.48 1 0
github.com/alecthomas/participle/v2/cmd/railroad/main.go:158.22,159.29 1 0
github.com/alecthomas/participle/v2/cmd/railroad/main.go:159.29,161.4 1 0
github.com/alecthomas/participle/v2/cmd/railroad/main.go:162.18,163.19 1 0
github.com/alecthomas/participle/v2/cmd/railroad/main.go:163.19,166.4 2 0
github.com/alecthomas/participle/v2/cmd/railroad/main.go:166.9,166.28 1 0
github.com/alecthomas/participle/v2/cmd/railroad/main.go:166.28,168.4 1 0
github.com/alecthomas/participle/v2/cmd/railroad/main.go:168.9,170.4 1 0
github.com/alecthomas/participle/v2/cmd/railroad/main.go:171.10,172.24 1 0
github.com/alecthomas/participle/v2/cmd/railroad/main.go:174.2,174.8 1 0
github.com/alecthomas/participle/v2/cmd/railroad/main.go:177.13,187.11 8 0
github.com/alecthomas/participle/v2/cmd/railroad/main.go:187.11,191.3 2 0
github.com/alecthomas/participle/v2/cmd/railroad/main.go:193.2,194.16 2 0
github.com/alecthomas/participle/v2/cmd/railroad/main.go:194.16,195.13 1 0
github.com/alecthomas/participle/v2/cmd/railroad/main.go:198.2,202.23 4 0
github.com/alecthomas/participle/v2/cmd/railroad/main.go:202.23,204.17 2 0
github.com/alecthomas/participle/v2/cmd/railroad/main.go:204.17,205.14 1 0
github.com/alecthomas/participle/v2/cmd/railroad/main.go:208.3,208.19 1 0
github.com/alecthomas/participle/v2/cmd/railroad/main.go:208.19,210.18 2 0
github.com/alecthomas/participle/v2/cmd/railroad/main.go:210.18,211.15 1 0
github.com/alecthomas/participle/v2/cmd/railroad/main.go:213.9,215.4 1 0
github.com/alecthomas/participle/v2/cmd/railroad/main.go:217.3,217.64 1 0
github.com/alecthomas/participle/v2/cmd/railroad/main.go:218.8,221.3 2 0
github.com/alecthomas/participle/v2/cmd/railroad/main.go:224.36,226.16 2 0
github.com/alecthomas/participle/v2/cmd/railroad/main.go:226.16,228.3 1 0
github.com/alecthomas/participle/v2/cmd/railroad/main.go:230.2,230.26 1 0
github.com/alecthomas/participle/v2/cmd/railroad/main.go:230.26,233.17 3 0
github.com/alecthomas/participle/v2/cmd/railroad/main.go:233.17,235.4 1 0
[...]
github.com/alecthomas/participle/v2/cmd/railroad/main.go:243.2,243.8 1 0
github.com/alecthomas/participle/v2/lexer/internal/basiclexer.go:26.79,37.2 1 0
github.com/alecthomas/participle/v2/lexer/internal/basiclexer.go:39.100,49.2 1 0
github.com/alecthomas/participle/v2/lexer/internal/basiclexer.go:51.101,53.2 1 0
github.com/alecthomas/participle/v2/lexer/internal/basiclexer.go:55.99,58.16 3 0
github.com/alecthomas/participle/v2/lexer/internal/basiclexer.go:58.16,60.3 1 0
github.com/alecthomas/participle/v2/lexer/internal/basiclexer.go:61.2,61.42 1 0
github.com/alecthomas/participle/v2/lexer/internal/basiclexer.go:76.63,77.21 1 0
github.com/alecthomas/participle/v2/lexer/internal/basiclexer.go:77.21,79.3 1 0
github.com/alecthomas/participle/v2/lexer/internal/basiclexer.go:80.2,85.20 2 0
github.com/alecthomas/participle/v2/lexer/internal/basiclexer.go:86.14,87.100 1 0
github.com/alecthomas/participle/v2/lexer/internal/basiclexer.go:87.100,90.4 2 0
github.com/alecthomas/participle/v2/lexer/internal/basiclexer.go:90.9,90.107 1 0
github.com/alecthomas/participle/v2/lexer/internal/basiclexer.go:90.107,93.4 2 0
github.com/alecthomas/participle/v2/lexer/internal/basiclexer.go:93.9,93.106 1 0
github.com/alecthomas/participle/v2/lexer/internal/basiclexer.go:93.106,96.4 2 0
github.com/alecthomas/participle/v2/lexer/internal/basiclexer.go:96.9,96.106 1 0
github.com/alecthomas/participle/v2/lexer/internal/basiclexer.go:96.106,99.4 2 0
github.com/alecthomas/participle/v2/lexer/internal/basiclexer.go:99.9,99.104 1 0
github.com/alecthomas/participle/v2/lexer/internal/basiclexer.go:99.104,102.4 2 0
github.com/alecthomas/participle/v2/lexer/internal/basiclexer.go:102.9,102.108 1 0
github.com/alecthomas/participle/v2/lexer/internal/basiclexer.go:102.108,105.4 2 0
github.com/alecthomas/participle/v2/lexer/internal/basiclexer.go:105.9,105.111 1 0
github.com/alecthomas/participle/v2/lexer/internal/basiclexer.go:105.111,108.4 2 0
github.com/alecthomas/participle/v2/lexer/internal/basiclexer.go:110.2,110.19 1 0
github.com/alecthomas/participle/v2/lexer/internal/basiclexer.go:110.19,112.23 2 0
github.com/alecthomas/participle/v2/lexer/internal/basiclexer.go:112.23,114.4 1 0
github.com/alecthomas/participle/v2/lexer/internal/basiclexer.go:115.3,115.90 1 0
github.com/alecthomas/participle/v2/lexer/internal/basiclexer.go:117.2,125.8 5 0
github.com/alecthomas/participle/v2/lexer/internal/basiclexer.go:128.65,130.39 2 0
github.com/alecthomas/participle/v2/lexer/internal/basiclexer.go:130.39,132.3 1 0
github.com/alecthomas/participle/v2/lexer/internal/basiclexer.go:133.2,133.16 1 0
github.com/alecthomas/participle/v2/lexer/internal/basiclexer.go:137.84,139.34 1 0
github.com/alecthomas/participle/v2/lexer/internal/basiclexer.go:139.34,140.32 1 0
github.com/alecthomas/participle/v2/lexer/internal/basiclexer.go:140.32,142.4 1 0
github.com/alecthomas/participle/v2/lexer/internal/basiclexer.go:143.3,143.12 1 0
github.com/alecthomas/participle/v2/lexer/internal/basiclexer.go:146.2,146.34 1 0
github.com/alecthomas/participle/v2/lexer/internal/basiclexer.go:146.34,147.42 1 0
github.com/alecthomas/participle/v2/lexer/internal/basiclexer.go:147.42,149.4 1 0
github.com/alecthomas/participle/v2/lexer/internal/basiclexer.go:150.3,150.12 1 0
github.com/alecthomas/participle/v2/lexer/internal/basiclexer.go:153.2,153.34 1 0
github.com/alecthomas/participle/v2/lexer/internal/basiclexer.go:153.34,154.18 1 0
github.com/alecthomas/participle/v2/lexer/internal/basiclexer.go:154.18,156.4 1 0
github.com/alecthomas/participle/v2/lexer/internal/basiclexer.go:157.3,161.27 2 0
github.com/alecthomas/participle/v2/lexer/internal/basiclexer.go:161.27,163.4 1 0
github.com/alecthomas/participle/v2/lexer/internal/basiclexer.go:163.9,165.4 1 0
github.com/alecthomas/participle/v2/lexer/internal/basiclexer.go:166.3,166.10 1 0
github.com/alecthomas/participle/v2/lexer/internal/basiclexer.go:167.34,168.16 1 0
github.com/alecthomas/participle/v2/lexer/internal/basiclexer.go:169.40,170.16 1 0
github.com/alecthomas/participle/v2/lexer/internal/basiclexer.go:172.3,172.12 1 0
github.com/alecthomas/participle/v2/lexer/internal/basiclexer.go:175.2,175.34 1 0
github.com/alecthomas/participle/v2/lexer/internal/basiclexer.go:175.34,176.31 1 0
github.com/alecthomas/participle/v2/lexer/internal/basiclexer.go:176.31,178.4 1 0
github.com/alecthomas/participle/v2/lexer/internal/basiclexer.go:179.3,179.31 1 0
github.com/alecthomas/participle/v2/lexer/internal/basiclexer.go:179.31,181.4 1 0
github.com/alecthomas/participle/v2/lexer/internal/basiclexer.go:182.3,182.12 1 0
github.com/alecthomas/participle/v2/lexer/internal/basiclexer.go:185.2,185.34 1 0
github.com/alecthomas/participle/v2/lexer/internal/basiclexer.go:185.34,187.15 2 0
github.com/alecthomas/participle/v2/lexer/internal/basiclexer.go:187.15,190.4 2 0
github.com/alecthomas/participle/v2/lexer/internal/basiclexer.go:191.3,191.12 1 0
github.com/alecthomas/participle/v2/lexer/internal/basiclexer.go:194.2,194.34 1 0
github.com/alecthomas/participle/v2/lexer/internal/basiclexer.go:194.34,195.18 1 0
github.com/alecthomas/participle/v2/lexer/internal/basiclexer.go:195.18,196.32 1 0
github.com/alecthomas/participle/v2/lexer/internal/basiclexer.go:196.32,198.5 1 0
github.com/alecthomas/participle/v2/lexer/internal/basiclexer.go:198.10,200.5 1 0
github.com/alecthomas/participle/v2/lexer/internal/basiclexer.go:202.3,202.11 1 0
github.com/alecthomas/participle/v2/lexer/internal/basiclexer.go:205.2,205.34 1 0
github.com/alecthomas/participle/v2/lexer/internal/basiclexer.go:205.34,206.28 1 0
github.com/alecthomas/participle/v2/lexer/internal/basiclexer.go:206.28,208.4 1 0
github.com/alecthomas/participle/v2/lexer/internal/basiclexer.go:209.3,209.28 1 0
github.com/alecthomas/participle/v2/lexer/internal/basiclexer.go:209.28,211.4 1 0
github.com/alecthomas/participle/v2/lexer/internal/basiclexer.go:212.3,212.28 1 0
github.com/alecthomas/participle/v2/lexer/internal/basiclexer.go:212.28,214.4 1 0
github.com/alecthomas/participle/v2/lexer/internal/basiclexer.go:215.3,215.11 1 0
github.com/alecthomas/participle/v2/lexer/internal/basiclexer.go:217.2,218.14 2 0
github.com/alecthomas/participle/v2/lexer/internal/basiclexer.go:218.14,220.3 1 0
github.com/alecthomas/participle/v2/lexer/internal/basiclexer.go:221.2,223.8 3 0
github.com/alecthomas/participle/v2/lexer/internal/basiclexer.go:227.84,229.34 1 0
github.com/alecthomas/participle/v2/lexer/internal/basiclexer.go:229.34,230.18 1 0
github.com/alecthomas/participle/v2/lexer/internal/basiclexer.go:230.18,232.4 1 0
github.com/alecthomas/participle/v2/lexer/internal/basiclexer.go:233.3,234.29 2 0
github.com/alecthomas/participle/v2/lexer/internal/basiclexer.go:234.29,236.4 1 0
github.com/alecthomas/participle/v2/lexer/internal/basiclexer.go:237.3,237.12 1 0
github.com/alecthomas/participle/v2/lexer/internal/basiclexer.go:240.2,240.34 1 0
github.com/alecthomas/participle/v2/lexer/internal/basiclexer.go:240.34,241.31 1 0
github.com/alecthomas/participle/v2/lexer/internal/basiclexer.go:241.31,243.4 1 0
github.com/alecthomas/participle/v2/lexer/internal/basiclexer.go:244.3,244.11 1 0
github.com/alecthomas/participle/v2/lexer/internal/basiclexer.go:247.2,247.34 1 0
github.com/alecthomas/participle/v2/lexer/internal/basiclexer.go:247.34,248.18 1 0
github.com/alecthomas/participle/v2/lexer/internal/basiclexer.go:248.18,250.4 1 0
github.com/alecthomas/participle/v2/lexer/internal/basiclexer.go:251.3,252.10 2 0
github.com/alecthomas/participle/v2/lexer/internal/basiclexer.go:253.31,254.16 1 0
github.com/alecthomas/participle/v2/lexer/internal/basiclexer.go:256.3,256.12 1 0
github.com/alecthomas/participle/v2/lexer/internal/basiclexer.go:259.2,259.34 1 0
github.com/alecthomas/participle/v2/lexer/internal/basiclexer.go:259.34,260.18 1 0
github.com/alecthomas/participle/v2/lexer/internal/basiclexer.go:260.18,261.32 1 0
github.com/alecthomas/participle/v2/lexer/internal/basiclexer.go:261.32,263.5 1 0
github.com/alecthomas/participle/v2/lexer/internal/basiclexer.go:263.10,265.5 1 0
github.com/alecthomas/participle/v2/lexer/internal/basiclexer.go:267.3,267.11 1 0
github.com/alecthomas/participle/v2/lexer/internal/basiclexer.go:270.2,270.34 1 0
github.com/alecthomas/participle/v2/lexer/internal/basiclexer.go:270.34,271.32 1 0
github.com/alecthomas/participle/v2/lexer/internal/basiclexer.go:271.32,273.4 1 0
github.com/alecthomas/participle/v2/lexer/internal/basiclexer.go:274.3,274.12 1 0
github.com/alecthomas/participle/v2/lexer/internal/basiclexer.go:277.2,277.34 1 0
github.com/alecthomas/participle/v2/lexer/internal/basiclexer.go:277.34,278.28 1 0
github.com/alecthomas/participle/v2/lexer/internal/basiclexer.go:278.28,280.4 1 0
github.com/alecthomas/participle/v2/lexer/internal/basiclexer.go:281.3,281.28 1 0
github.com/alecthomas/participle/v2/lexer/internal/basiclexer.go:281.28,283.4 1 0
github.com/alecthomas/participle/v2/lexer/internal/basiclexer.go:284.3,284.11 1 0
github.com/alecthomas/participle/v2/lexer/internal/basiclexer.go:287.2,287.34 1 0
github.com/alecthomas/participle/v2/lexer/internal/basiclexer.go:287.34,289.15 2 0
github.com/alecthomas/participle/v2/lexer/internal/basiclexer.go:289.15,292.4 2 0
github.com/alecthomas/participle/v2/lexer/internal/basiclexer.go:293.3,293.12 1 0
github.com/alecthomas/participle/v2/lexer/internal/basiclexer.go:296.2,296.34 1 0
github.com/alecthomas/participle/v2/lexer/internal/basiclexer.go:296.34,297.31 1 0
github.com/alecthomas/participle/v2/lexer/internal/basiclexer.go:297.31,299.4 1 0
github.com/alecthomas/participle/v2/lexer/internal/basiclexer.go:300.3,300.11 1 0
github.com/alecthomas/participle/v2/lexer/internal/basiclexer.go:303.2,303.34 1 0
github.com/alecthomas/participle/v2/lexer/internal/basiclexer.go:303.34,304.28 1 0
github.com/alecthomas/participle/v2/lexer/internal/basiclexer.go:304.28,306.4 1 0
github.com/alecthomas/participle/v2/lexer/internal/basiclexer.go:307.3,307.18 1 0
github.com/alecthomas/participle/v2/lexer/internal/basiclexer.go:307.18,308.32 1 0
github.com/alecthomas/participle/v2/lexer/internal/basiclexer.go:308.32,310.5 1 0
github.com/alecthomas/participle/v2/lexer/internal/basiclexer.go:310.10,312.5 1 0
github.com/alecthomas/participle/v2/lexer/internal/basiclexer.go:314.3,314.11 1 0
github.com/alecthomas/participle/v2/lexer/internal/basiclexer.go:317.2,317.34 1 0
github.com/alecthomas/participle/v2/lexer/internal/basiclexer.go:317.34,318.28 1 0
github.com/alecthomas/participle/v2/lexer/internal/basiclexer.go:318.28,320.4 1 0
github.com/alecthomas/participle/v2/lexer/internal/basiclexer.go:321.3,321.28 1 0
github.com/alecthomas/participle/v2/lexer/internal/basiclexer.go:321.28,323.4 1 0
github.com/alecthomas/participle/v2/lexer/internal/basiclexer.go:324.3,324.28 1 0
github.com/alecthomas/participle/v2/lexer/internal/basiclexer.go:324.28,326.4 1 0
github.com/alecthomas/participle/v2/lexer/internal/basiclexer.go:327.3,327.11 1 0
github.com/alecthomas/participle/v2/lexer/internal/basiclexer.go:329.2,330.14 2 0
github.com/alecthomas/participle/v2/lexer/internal/basiclexer.go:330.14,332.3 1 0
github.com/alecthomas/participle/v2/lexer/internal/basiclexer.go:333.2,335.8 3 0
github.com/alecthomas/participle/v2/lexer/internal/basiclexer.go:339.83,341.34 1 0
github.com/alecthomas/participle/v2/lexer/internal/basiclexer.go:341.34,342.18 1 0
github.com/alecthomas/participle/v2/lexer/internal/basiclexer.go:342.18,344.4 1 0
github.com/alecthomas/participle/v2/lexer/internal/basiclexer.go:345.3,346.10 2 0
github.com/alecthomas/participle/v2/lexer/internal/basiclexer.go:347.31,348.16 1 0
github.com/alecthomas/participle/v2/lexer/internal/basiclexer.go:349.18,350.16 1 0
github.com/alecthomas/participle/v2/lexer/internal/basiclexer.go:351.31,352.16 1 0
github.com/alecthomas/participle/v2/lexer/internal/basiclexer.go:354.3,354.12 1 0
github.com/alecthomas/participle/v2/lexer/internal/basiclexer.go:357.2,357.34 1 0
github.com/alecthomas/participle/v2/lexer/internal/basiclexer.go:357.34,358.18 1 0
github.com/alecthomas/participle/v2/lexer/internal/basiclexer.go:358.18,360.4 1 0
github.com/alecthomas/participle/v2/lexer/internal/basiclexer.go:361.3,362.10 2 0
github.com/alecthomas/participle/v2/lexer/internal/basiclexer.go:363.31,364.16 1 0
github.com/alecthomas/participle/v2/lexer/internal/basiclexer.go:365.31,366.16 1 0
github.com/alecthomas/participle/v2/lexer/internal/basiclexer.go:367.18,368.16 1 0
github.com/alecthomas/participle/v2/lexer/internal/basiclexer.go:369.31,370.16 1 0
github.com/alecthomas/participle/v2/lexer/internal/basiclexer.go:372.3,372.12 1 0
github.com/alecthomas/participle/v2/lexer/internal/basiclexer.go:375.2,375.34 1 0
github.com/alecthomas/participle/v2/lexer/internal/basiclexer.go:375.34,376.18 1 0
github.com/alecthomas/participle/v2/lexer/internal/basiclexer.go:376.18,377.32 1 0
github.com/alecthomas/participle/v2/lexer/internal/basiclexer.go:377.32,379.5 1 0
github.com/alecthomas/participle/v2/lexer/internal/basiclexer.go:379.10,381.5 1 0
github.com/alecthomas/participle/v2/lexer/internal/basiclexer.go:383.3,383.11 1 0
github.com/alecthomas/participle/v2/lexer/internal/basiclexer.go:386.2,386.34 1 0
github.com/alecthomas/participle/v2/lexer/internal/basiclexer.go:386.34,387.28 1 0
github.com/alecthomas/participle/v2/lexer/internal/basiclexer.go:387.28,389.4 1 0
github.com/alecthomas/participle/v2/lexer/internal/basiclexer.go:390.3,390.28 1 0
github.com/alecthomas/participle/v2/lexer/internal/basiclexer.go:390.28,392.4 1 0
github.com/alecthomas/participle/v2/lexer/internal/basiclexer.go:393.3,393.11 1 0
github.com/alecthomas/participle/v2/lexer/internal/basiclexer.go:395.2,396.14 2 0
github.com/alecthomas/participle/v2/lexer/internal/basiclexer.go:396.14,398.3 1 0
github.com/alecthomas/participle/v2/lexer/internal/basiclexer.go:399.2,401.8 3 0
github.com/alecthomas/participle/v2/lexer/internal/basiclexer.go:405.83,407.34 1 0
github.com/alecthomas/participle/v2/lexer/internal/basiclexer.go:407.34,408.18 1 0
github.com/alecthomas/participle/v2/lexer/internal/basiclexer.go:408.18,410.4 1 0
github.com/alecthomas/participle/v2/lexer/internal/basiclexer.go:411.3,412.10 2 0
github.com/alecthomas/participle/v2/lexer/internal/basiclexer.go:413.31,414.16 1 0
github.com/alecthomas/participle/v2/lexer/internal/basiclexer.go:415.31,416.16 1 0
github.com/alecthomas/participle/v2/lexer/internal/basiclexer.go:417.31,418.16 1 0
github.com/alecthomas/participle/v2/lexer/internal/basiclexer.go:419.31,420.16 1 0
github.com/alecthomas/participle/v2/lexer/internal/basiclexer.go:422.3,422.12 1 0
github.com/alecthomas/participle/v2/lexer/internal/basiclexer.go:425.2,425.34 1 0
github.com/alecthomas/participle/v2/lexer/internal/basiclexer.go:425.34,426.28 1 0
github.com/alecthomas/participle/v2/lexer/internal/basiclexer.go:426.28,428.4 1 0
github.com/alecthomas/participle/v2/lexer/internal/basiclexer.go:429.3,429.18 1 0
github.com/alecthomas/participle/v2/lexer/internal/basiclexer.go:429.18,430.32 1 0
github.com/alecthomas/participle/v2/lexer/internal/basiclexer.go:430.32,432.5 1 0
github.com/alecthomas/participle/v2/lexer/internal/basiclexer.go:432.10,434.5 1 0
github.com/alecthomas/participle/v2/lexer/internal/basiclexer.go:436.3,436.11 1 0
github.com/alecthomas/participle/v2/lexer/internal/basiclexer.go:438.2,439.14 2 0
github.com/alecthomas/participle/v2/lexer/internal/basiclexer.go:439.14,441.3 1 0
github.com/alecthomas/participle/v2/lexer/internal/basiclexer.go:442.2,444.8 3 0
github.com/alecthomas/participle/v2/lexer/internal/basiclexer.go:448.81,449.32 1 0
github.com/alecthomas/participle/v2/lexer/internal/basiclexer.go:449.32,452.3 2 0
github.com/alecthomas/participle/v2/lexer/internal/basiclexer.go:453.2,453.8 1 0
github.com/alecthomas/participle/v2/lexer/internal/basiclexer.go:457.85,459.34 1 0
github.com/alecthomas/participle/v2/lexer/internal/basiclexer.go:459.34,460.58 1 0
github.com/alecthomas/participle/v2/lexer/internal/basiclexer.go:460.58,462.4 1 0
github.com/alecthomas/participle/v2/lexer/internal/basiclexer.go:463.3,463.12 1 0
github.com/alecthomas/participle/v2/lexer/internal/basiclexer.go:466.2,466.34 1 0
github.com/alecthomas/participle/v2/lexer/internal/basiclexer.go:466.34,467.18 1 0
github.com/alecthomas/participle/v2/lexer/internal/basiclexer.go:467.18,469.4 1 0
github.com/alecthomas/participle/v2/lexer/internal/basiclexer.go:470.3,474.27 2 0
github.com/alecthomas/participle/v2/lexer/internal/basiclexer.go:474.27,476.4 1 0
github.com/alecthomas/participle/v2/lexer/internal/basiclexer.go:476.9,478.4 1 0
github.com/alecthomas/participle/v2/lexer/internal/basiclexer.go:479.3,479.10 1 0
github.com/alecthomas/participle/v2/lexer/internal/basiclexer.go:480.35,481.16 1 0
github.com/alecthomas/participle/v2/lexer/internal/basiclexer.go:482.41,483.16 1 0
github.com/alecthomas/participle/v2/lexer/internal/basiclexer.go:485.3,485.12 1 0
github.com/alecthomas/participle/v2/lexer/internal/basiclexer.go:488.2,488.34 1 0
github.com/alecthomas/participle/v2/lexer/internal/basiclexer.go:488.34,489.18 1 0
github.com/alecthomas/participle/v2/lexer/internal/basiclexer.go:489.18,490.32 1 0
github.com/alecthomas/participle/v2/lexer/internal/basiclexer.go:490.32,492.5 1 0
github.com/alecthomas/participle/v2/lexer/internal/basiclexer.go:492.10,494.5 1 0
github.com/alecthomas/participle/v2/lexer/internal/basiclexer.go:496.3,496.11 1 0
github.com/alecthomas/participle/v2/lexer/internal/basiclexer.go:499.2,499.34 1 0
github.com/alecthomas/participle/v2/lexer/internal/basiclexer.go:499.34,500.33 1 0
github.com/alecthomas/participle/v2/lexer/internal/basiclexer.go:500.33,502.4 1 0
github.com/alecthomas/participle/v2/lexer/internal/basiclexer.go:503.3,503.12 1 0
github.com/alecthomas/participle/v2/lexer/internal/basiclexer.go:506.2,506.34 1 0
github.com/alecthomas/participle/v2/lexer/internal/basiclexer.go:506.34,507.28 1 0
github.com/alecthomas/participle/v2/lexer/internal/basiclexer.go:507.28,509.4 1 0
github.com/alecthomas/participle/v2/lexer/internal/basiclexer.go:510.3,510.28 1 0
github.com/alecthomas/participle/v2/lexer/internal/basiclexer.go:510.28,512.4 1 0
github.com/alecthomas/participle/v2/lexer/internal/basiclexer.go:513.3,513.28 1 0
github.com/alecthomas/participle/v2/lexer/internal/basiclexer.go:513.28,515.4 1 0
github.com/alecthomas/participle/v2/lexer/internal/basiclexer.go:516.3,516.11 1 0
github.com/alecthomas/participle/v2/lexer/internal/basiclexer.go:518.2,519.14 2 0
github.com/alecthomas/participle/v2/lexer/internal/basiclexer.go:519.14,521.3 1 0
github.com/alecthomas/participle/v2/lexer/internal/basiclexer.go:522.2,524.8 3 0
github.com/alecthomas/participle/v2/lexer/internal/basiclexer.go:528.88,530.34 1 0
github.com/alecthomas/participle/v2/lexer/internal/basiclexer.go:530.34,531.18 1 0
github.com/alecthomas/participle/v2/lexer/internal/basiclexer.go:531.18,533.4 1 0
github.com/alecthomas/participle/v2/lexer/internal/basiclexer.go:534.3,535.30 2 0
github.com/alecthomas/participle/v2/lexer/internal/basiclexer.go:535.30,537.4 1 0
github.com/alecthomas/participle/v2/lexer/internal/basiclexer.go:538.3,538.12 1 0
github.com/alecthomas/participle/v2/lexer/internal/basiclexer.go:541.2,541.34 1 0
github.com/alecthomas/participle/v2/lexer/internal/basiclexer.go:541.34,542.28 1 0
github.com/alecthomas/participle/v2/lexer/internal/basiclexer.go:542.28,544.4 1 0
github.com/alecthomas/participle/v2/lexer/internal/basiclexer.go:545.3,545.18 1 0
github.com/alecthomas/participle/v2/lexer/internal/basiclexer.go:545.18,546.32 1 0
github.com/alecthomas/participle/v2/lexer/internal/basiclexer.go:546.32,548.5 1 0
github.com/alecthomas/participle/v2/lexer/internal/basiclexer.go:548.10,550.5 1 0
github.com/alecthomas/participle/v2/lexer/internal/basiclexer.go:552.3,552.11 1 0
github.com/alecthomas/participle/v2/lexer/internal/basiclexer.go:554.2,555.14 2 0
github.com/alecthomas/participle/v2/lexer/internal/basiclexer.go:555.14,557.3 1 0
github.com/alecthomas/participle/v2/lexer/internal/basiclexer.go:558.2,560.8 3 0
